[ 2014-12-05T08:46:27+08:00 ] 0.0.0.0 /php/index.php/Contest/Index/form
INFO: [ app_begin ] --START--
INFO: ReadHtmlCache Behavior ::run [ RunTime:0.000268s ]
INFO: [ app_begin ] --END-- [ RunTime:0.000302s ]
NOTIC: [8192] mysql_connect(): The mysql extension is deprecated and will be removed in the future: use mysqli or PDO instead F:\www\php\ThinkPHP\Lib\Driver\Db\DbMysql.class.php 第 55 行.
SQL: SHOW COLUMNS FROM `contest` [ RunTime:0.050597s ]
NOTIC: [8192] preg_replace(): The /e modifier is deprecated, use preg_replace_callback instead F:\www\php\ThinkPHP\Lib\Core\Db.class.php 第 604 行.
SQL: SELECT * FROM `contest` WHERE ( `cid` = 6 )  [ RunTime:0.008170s ]

[ 2014-12-05T11:10:19+08:00 ] 0.0.0.0 /php/index.php/Contest/Index/form
INFO: [ app_begin ] --START--
INFO: ReadHtmlCache Behavior ::run [ RunTime:0.000269s ]
INFO: [ app_begin ] --END-- [ RunTime:0.000303s ]
NOTIC: [8192] mysql_connect(): The mysql extension is deprecated and will be removed in the future: use mysqli or PDO instead F:\www\php\ThinkPHP\Lib\Driver\Db\DbMysql.class.php 第 55 行.
SQL: SHOW COLUMNS FROM `contest` [ RunTime:0.010932s ]
NOTIC: [8192] preg_replace(): The /e modifier is deprecated, use preg_replace_callback instead F:\www\php\ThinkPHP\Lib\Core\Db.class.php 第 604 行.
SQL: SELECT * FROM `contest` WHERE ( `cid` = 4 )  [ RunTime:0.001977s ]
NOTIC: [8] Undefined index: item F:\www\php\php\Lib\Action\Contest\IndexAction.class.php 第 49 行.

[ 2014-12-05T11:10:23+08:00 ] 0.0.0.0 /php/index.php/Contest/Index/form
INFO: [ app_begin ] --START--
INFO: ReadHtmlCache Behavior ::run [ RunTime:0.000271s ]
INFO: [ app_begin ] --END-- [ RunTime:0.000306s ]
NOTIC: [8192] mysql_connect(): The mysql extension is deprecated and will be removed in the future: use mysqli or PDO instead F:\www\php\ThinkPHP\Lib\Driver\Db\DbMysql.class.php 第 55 行.
SQL: SHOW COLUMNS FROM `contest` [ RunTime:0.002727s ]
NOTIC: [8192] preg_replace(): The /e modifier is deprecated, use preg_replace_callback instead F:\www\php\ThinkPHP\Lib\Core\Db.class.php 第 604 行.
SQL: SELECT * FROM `contest` WHERE ( `cid` = 4 )  [ RunTime:0.000292s ]
NOTIC: [8] Undefined index: item F:\www\php\php\Lib\Action\Contest\IndexAction.class.php 第 49 行.

[ 2014-12-05T11:10:30+08:00 ] 0.0.0.0 /php/index.php/Contest/Index/form
INFO: [ app_begin ] --START--
INFO: ReadHtmlCache Behavior ::run [ RunTime:0.000313s ]
INFO: [ app_begin ] --END-- [ RunTime:0.000347s ]
NOTIC: [8192] mysql_connect(): The mysql extension is deprecated and will be removed in the future: use mysqli or PDO instead F:\www\php\ThinkPHP\Lib\Driver\Db\DbMysql.class.php 第 55 行.
SQL: SHOW COLUMNS FROM `contest` [ RunTime:0.002627s ]
NOTIC: [8192] preg_replace(): The /e modifier is deprecated, use preg_replace_callback instead F:\www\php\ThinkPHP\Lib\Core\Db.class.php 第 604 行.
SQL: SELECT * FROM `contest` WHERE ( `cid` = 4 )  [ RunTime:0.000276s ]
NOTIC: [8] Undefined index: item F:\www\php\php\Lib\Action\Contest\IndexAction.class.php 第 49 行.

[ 2014-12-05T11:11:08+08:00 ] 0.0.0.0 /php/index.php/Contest/Index/form
INFO: [ app_begin ] --START--
INFO: ReadHtmlCache Behavior ::run [ RunTime:0.000346s ]
INFO: [ app_begin ] --END-- [ RunTime:0.000383s ]
NOTIC: [8192] mysql_connect(): The mysql extension is deprecated and will be removed in the future: use mysqli or PDO instead F:\www\php\ThinkPHP\Lib\Driver\Db\DbMysql.class.php 第 55 行.
SQL: SHOW COLUMNS FROM `contest` [ RunTime:0.004105s ]
NOTIC: [8192] preg_replace(): The /e modifier is deprecated, use preg_replace_callback instead F:\www\php\ThinkPHP\Lib\Core\Db.class.php 第 604 行.
SQL: SELECT * FROM `contest` WHERE ( `cid` = 4 )  [ RunTime:0.000287s ]
NOTIC: [8] Undefined index: item F:\www\php\php\Lib\Action\Contest\IndexAction.class.php 第 49 行.

[ 2014-12-05T11:11:09+08:00 ] 0.0.0.0 /php/index.php/Contest/Index/form
INFO: [ app_begin ] --START--
INFO: ReadHtmlCache Behavior ::run [ RunTime:0.000664s ]
INFO: [ app_begin ] --END-- [ RunTime:0.000735s ]
NOTIC: [8192] mysql_connect(): The mysql extension is deprecated and will be removed in the future: use mysqli or PDO instead F:\www\php\ThinkPHP\Lib\Driver\Db\DbMysql.class.php 第 55 行.
SQL: SHOW COLUMNS FROM `contest` [ RunTime:0.003570s ]
NOTIC: [8192] preg_replace(): The /e modifier is deprecated, use preg_replace_callback instead F:\www\php\ThinkPHP\Lib\Core\Db.class.php 第 604 行.
SQL: SELECT * FROM `contest` WHERE ( `cid` = 4 )  [ RunTime:0.000372s ]
NOTIC: [8] Undefined index: item F:\www\php\php\Lib\Action\Contest\IndexAction.class.php 第 49 行.

[ 2014-12-05T11:11:11+08:00 ] 0.0.0.0 /php/index.php/Contest/Index/form
INFO: [ app_begin ] --START--
INFO: ReadHtmlCache Behavior ::run [ RunTime:0.000294s ]
INFO: [ app_begin ] --END-- [ RunTime:0.000331s ]
NOTIC: [8192] mysql_connect(): The mysql extension is deprecated and will be removed in the future: use mysqli or PDO instead F:\www\php\ThinkPHP\Lib\Driver\Db\DbMysql.class.php 第 55 行.
SQL: SHOW COLUMNS FROM `contest` [ RunTime:0.002663s ]
NOTIC: [8192] preg_replace(): The /e modifier is deprecated, use preg_replace_callback instead F:\www\php\ThinkPHP\Lib\Core\Db.class.php 第 604 行.
SQL: SELECT * FROM `contest` WHERE ( `cid` = 4 )  [ RunTime:0.000306s ]
NOTIC: [8] Undefined index: item F:\www\php\php\Lib\Action\Contest\IndexAction.class.php 第 49 行.

[ 2014-12-05T11:16:27+08:00 ] 0.0.0.0 /php/index.php/Contest/Index/form
INFO: [ app_begin ] --START--
INFO: ReadHtmlCache Behavior ::run [ RunTime:0.000407s ]
INFO: [ app_begin ] --END-- [ RunTime:0.000454s ]
NOTIC: [8192] mysql_connect(): The mysql extension is deprecated and will be removed in the future: use mysqli or PDO instead F:\www\php\ThinkPHP\Lib\Driver\Db\DbMysql.class.php 第 55 行.
SQL: SHOW COLUMNS FROM `contest` [ RunTime:0.002967s ]
NOTIC: [8192] preg_replace(): The /e modifier is deprecated, use preg_replace_callback instead F:\www\php\ThinkPHP\Lib\Core\Db.class.php 第 604 行.
SQL: SELECT * FROM `contest` WHERE ( `cid` = 4 )  [ RunTime:0.000323s ]
NOTIC: [8] Undefined index: item F:\www\php\php\Lib\Action\Contest\IndexAction.class.php 第 49 行.

[ 2014-12-05T11:16:31+08:00 ] 0.0.0.0 /php/index.php/Contest/Index/form
INFO: [ app_begin ] --START--
INFO: ReadHtmlCache Behavior ::run [ RunTime:0.000397s ]
INFO: [ app_begin ] --END-- [ RunTime:0.000448s ]
NOTIC: [8192] mysql_connect(): The mysql extension is deprecated and will be removed in the future: use mysqli or PDO instead F:\www\php\ThinkPHP\Lib\Driver\Db\DbMysql.class.php 第 55 行.
SQL: SHOW COLUMNS FROM `contest` [ RunTime:0.002648s ]
NOTIC: [8192] preg_replace(): The /e modifier is deprecated, use preg_replace_callback instead F:\www\php\ThinkPHP\Lib\Core\Db.class.php 第 604 行.
SQL: SELECT * FROM `contest` WHERE ( `cid` = 4 )  [ RunTime:0.000299s ]
NOTIC: [8] Undefined index: item F:\www\php\php\Lib\Action\Contest\IndexAction.class.php 第 49 行.

[ 2014-12-05T11:16:32+08:00 ] 0.0.0.0 /php/index.php/Contest/Index/form
INFO: [ app_begin ] --START--
INFO: ReadHtmlCache Behavior ::run [ RunTime:0.000562s ]
INFO: [ app_begin ] --END-- [ RunTime:0.000634s ]
NOTIC: [8192] mysql_connect(): The mysql extension is deprecated and will be removed in the future: use mysqli or PDO instead F:\www\php\ThinkPHP\Lib\Driver\Db\DbMysql.class.php 第 55 行.
SQL: SHOW COLUMNS FROM `contest` [ RunTime:0.005146s ]
NOTIC: [8192] preg_replace(): The /e modifier is deprecated, use preg_replace_callback instead F:\www\php\ThinkPHP\Lib\Core\Db.class.php 第 604 行.
SQL: SELECT * FROM `contest` WHERE ( `cid` = 4 )  [ RunTime:0.000555s ]
NOTIC: [8] Undefined index: item F:\www\php\php\Lib\Action\Contest\IndexAction.class.php 第 49 行.

[ 2014-12-05T11:16:33+08:00 ] 0.0.0.0 /php/index.php/Contest/Index/form
INFO: [ app_begin ] --START--
INFO: ReadHtmlCache Behavior ::run [ RunTime:0.000282s ]
INFO: [ app_begin ] --END-- [ RunTime:0.000317s ]
NOTIC: [8192] mysql_connect(): The mysql extension is deprecated and will be removed in the future: use mysqli or PDO instead F:\www\php\ThinkPHP\Lib\Driver\Db\DbMysql.class.php 第 55 行.
SQL: SHOW COLUMNS FROM `contest` [ RunTime:0.002501s ]
NOTIC: [8192] preg_replace(): The /e modifier is deprecated, use preg_replace_callback instead F:\www\php\ThinkPHP\Lib\Core\Db.class.php 第 604 行.
SQL: SELECT * FROM `contest` WHERE ( `cid` = 4 )  [ RunTime:0.000242s ]
NOTIC: [8] Undefined index: item F:\www\php\php\Lib\Action\Contest\IndexAction.class.php 第 49 行.

[ 2014-12-05T11:16:34+08:00 ] 0.0.0.0 /php/index.php/Contest/Index/form
INFO: [ app_begin ] --START--
INFO: ReadHtmlCache Behavior ::run [ RunTime:0.000309s ]
INFO: [ app_begin ] --END-- [ RunTime:0.000347s ]
NOTIC: [8192] mysql_connect(): The mysql extension is deprecated and will be removed in the future: use mysqli or PDO instead F:\www\php\ThinkPHP\Lib\Driver\Db\DbMysql.class.php 第 55 行.
SQL: SHOW COLUMNS FROM `contest` [ RunTime:0.002622s ]
NOTIC: [8192] preg_replace(): The /e modifier is deprecated, use preg_replace_callback instead F:\www\php\ThinkPHP\Lib\Core\Db.class.php 第 604 行.
SQL: SELECT * FROM `contest` WHERE ( `cid` = 4 )  [ RunTime:0.000270s ]
NOTIC: [8] Undefined index: item F:\www\php\php\Lib\Action\Contest\IndexAction.class.php 第 49 行.

[ 2014-12-05T11:16:34+08:00 ] 0.0.0.0 /php/index.php/Contest/Index/form
INFO: [ app_begin ] --START--
INFO: ReadHtmlCache Behavior ::run [ RunTime:0.000370s ]
INFO: [ app_begin ] --END-- [ RunTime:0.000411s ]
NOTIC: [8192] mysql_connect(): The mysql extension is deprecated and will be removed in the future: use mysqli or PDO instead F:\www\php\ThinkPHP\Lib\Driver\Db\DbMysql.class.php 第 55 行.
SQL: SHOW COLUMNS FROM `contest` [ RunTime:0.002717s ]
NOTIC: [8192] preg_replace(): The /e modifier is deprecated, use preg_replace_callback instead F:\www\php\ThinkPHP\Lib\Core\Db.class.php 第 604 行.
SQL: SELECT * FROM `contest` WHERE ( `cid` = 4 )  [ RunTime:0.000295s ]
NOTIC: [8] Undefined index: item F:\www\php\php\Lib\Action\Contest\IndexAction.class.php 第 49 行.

[ 2014-12-05T11:16:35+08:00 ] 0.0.0.0 /php/index.php/Contest/Index/form
INFO: [ app_begin ] --START--
INFO: ReadHtmlCache Behavior ::run [ RunTime:0.000310s ]
INFO: [ app_begin ] --END-- [ RunTime:0.000349s ]
NOTIC: [8192] mysql_connect(): The mysql extension is deprecated and will be removed in the future: use mysqli or PDO instead F:\www\php\ThinkPHP\Lib\Driver\Db\DbMysql.class.php 第 55 行.
SQL: SHOW COLUMNS FROM `contest` [ RunTime:0.002511s ]
NOTIC: [8192] preg_replace(): The /e modifier is deprecated, use preg_replace_callback instead F:\www\php\ThinkPHP\Lib\Core\Db.class.php 第 604 行.
SQL: SELECT * FROM `contest` WHERE ( `cid` = 4 )  [ RunTime:0.000355s ]
NOTIC: [8] Undefined index: item F:\www\php\php\Lib\Action\Contest\IndexAction.class.php 第 49 行.

[ 2014-12-05T11:16:38+08:00 ] 0.0.0.0 /php/index.php/Contest/Index/form
INFO: [ app_begin ] --START--
INFO: ReadHtmlCache Behavior ::run [ RunTime:0.000570s ]
INFO: [ app_begin ] --END-- [ RunTime:0.000673s ]
NOTIC: [8192] mysql_connect(): The mysql extension is deprecated and will be removed in the future: use mysqli or PDO instead F:\www\php\ThinkPHP\Lib\Driver\Db\DbMysql.class.php 第 55 行.
SQL: SHOW COLUMNS FROM `contest` [ RunTime:0.002622s ]
NOTIC: [8192] preg_replace(): The /e modifier is deprecated, use preg_replace_callback instead F:\www\php\ThinkPHP\Lib\Core\Db.class.php 第 604 行.
SQL: SELECT * FROM `contest` WHERE ( `cid` = 4 )  [ RunTime:0.000335s ]
NOTIC: [8] Undefined index: item F:\www\php\php\Lib\Action\Contest\IndexAction.class.php 第 49 行.

