[ 2014-11-26T10:10:16+08:00 ] 0.0.0.0 /php/index.php/Contest/Index/form
INFO: [ app_begin ] --START--
INFO: ReadHtmlCache Behavior ::run [ RunTime:0.000291s ]
INFO: [ app_begin ] --END-- [ RunTime:0.000328s ]
NOTIC: [8192] mysql_connect(): The mysql extension is deprecated and will be removed in the future: use mysqli or PDO instead F:\www\php\ThinkPHP\Lib\Driver\Db\DbMysql.class.php Á¨¨ 55 Ë°å.
SQL: SHOW COLUMNS FROM `contest` [ RunTime:0.465189s ]
NOTIC: [8192] preg_replace(): The /e modifier is deprecated, use preg_replace_callback instead F:\www\php\ThinkPHP\Lib\Core\Db.class.php Á¨¨ 604 Ë°å.
SQL: SELECT * FROM `contest` WHERE ( `cid` = 2 )  [ RunTime:0.454824s ]
NOTIC: [8] Undefined index: item F:\www\php\php\Lib\Action\Contest\IndexAction.class.php Á¨¨ 31 Ë°å.

[ 2014-11-26T10:12:01+08:00 ] 0.0.0.0 /php/index.php/Contest/Index/form
INFO: [ app_begin ] --START--
INFO: ReadHtmlCache Behavior ::run [ RunTime:0.000271s ]
INFO: [ app_begin ] --END-- [ RunTime:0.000306s ]
NOTIC: [8192] mysql_connect(): The mysql extension is deprecated and will be removed in the future: use mysqli or PDO instead F:\www\php\ThinkPHP\Lib\Driver\Db\DbMysql.class.php Á¨¨ 55 Ë°å.
SQL: SHOW COLUMNS FROM `contest` [ RunTime:0.475424s ]
NOTIC: [8192] preg_replace(): The /e modifier is deprecated, use preg_replace_callback instead F:\www\php\ThinkPHP\Lib\Core\Db.class.php Á¨¨ 604 Ë°å.
SQL: SELECT * FROM `contest` WHERE ( `cid` = 2 )  [ RunTime:0.472268s ]
NOTIC: [8] Undefined index: item F:\www\php\php\Lib\Action\Contest\IndexAction.class.php Á¨¨ 31 Ë°å.

[ 2014-11-26T10:14:42+08:00 ] 0.0.0.0 /php/index.php/Contest/Index/form
INFO: [ app_begin ] --START--
INFO: ReadHtmlCache Behavior ::run [ RunTime:0.000293s ]
INFO: [ app_begin ] --END-- [ RunTime:0.000328s ]
NOTIC: [8192] mysql_connect(): The mysql extension is deprecated and will be removed in the future: use mysqli or PDO instead F:\www\php\ThinkPHP\Lib\Driver\Db\DbMysql.class.php Á¨¨ 55 Ë°å.
SQL: SHOW COLUMNS FROM `contest` [ RunTime:0.467151s ]
NOTIC: [8192] preg_replace(): The /e modifier is deprecated, use preg_replace_callback instead F:\www\php\ThinkPHP\Lib\Core\Db.class.php Á¨¨ 604 Ë°å.
SQL: SELECT * FROM `contest` WHERE ( `cid` = 2 )  [ RunTime:0.466341s ]
NOTIC: [8] Undefined index: item F:\www\php\php\Lib\Action\Contest\IndexAction.class.php Á¨¨ 31 Ë°å.

[ 2014-11-26T10:30:28+08:00 ] 0.0.0.0 /php/index.php/Contest/Index/form
INFO: [ app_begin ] --START--
INFO: ReadHtmlCache Behavior ::run [ RunTime:0.000272s ]
INFO: [ app_begin ] --END-- [ RunTime:0.000308s ]
NOTIC: [8192] mysql_connect(): The mysql extension is deprecated and will be removed in the future: use mysqli or PDO instead F:\www\php\ThinkPHP\Lib\Driver\Db\DbMysql.class.php Á¨¨ 55 Ë°å.
SQL: SHOW COLUMNS FROM `contest` [ RunTime:0.497346s ]
NOTIC: [8192] preg_replace(): The /e modifier is deprecated, use preg_replace_callback instead F:\www\php\ThinkPHP\Lib\Core\Db.class.php Á¨¨ 604 Ë°å.
SQL: SELECT * FROM `contest` WHERE ( `cid` = 2 )  [ RunTime:0.502812s ]
NOTIC: [8] Undefined index: item F:\www\php\php\Lib\Action\Contest\IndexAction.class.php Á¨¨ 31 Ë°å.

[ 2014-11-26T10:30:36+08:00 ] 0.0.0.0 /php/index.php/Contest/Index/form
INFO: [ app_begin ] --START--
INFO: ReadHtmlCache Behavior ::run [ RunTime:0.000299s ]
INFO: [ app_begin ] --END-- [ RunTime:0.000338s ]
NOTIC: [8192] mysql_connect(): The mysql extension is deprecated and will be removed in the future: use mysqli or PDO instead F:\www\php\ThinkPHP\Lib\Driver\Db\DbMysql.class.php Á¨¨ 55 Ë°å.
SQL: SHOW COLUMNS FROM `contest` [ RunTime:0.411683s ]
NOTIC: [8192] preg_replace(): The /e modifier is deprecated, use preg_replace_callback instead F:\www\php\ThinkPHP\Lib\Core\Db.class.php Á¨¨ 604 Ë°å.
SQL: SELECT * FROM `contest` WHERE ( `cid` = 2 )  [ RunTime:0.437686s ]
NOTIC: [8] Undefined index: item F:\www\php\php\Lib\Action\Contest\IndexAction.class.php Á¨¨ 31 Ë°å.

[ 2014-11-26T10:30:54+08:00 ] 0.0.0.0 /php/index.php/Contest/Index/form
INFO: [ app_begin ] --START--
INFO: ReadHtmlCache Behavior ::run [ RunTime:0.000303s ]
INFO: [ app_begin ] --END-- [ RunTime:0.000338s ]
NOTIC: [8192] mysql_connect(): The mysql extension is deprecated and will be removed in the future: use mysqli or PDO instead F:\www\php\ThinkPHP\Lib\Driver\Db\DbMysql.class.php Á¨¨ 55 Ë°å.
SQL: SHOW COLUMNS FROM `contest` [ RunTime:0.440426s ]
NOTIC: [8192] preg_replace(): The /e modifier is deprecated, use preg_replace_callback instead F:\www\php\ThinkPHP\Lib\Core\Db.class.php Á¨¨ 604 Ë°å.
SQL: SELECT * FROM `contest` WHERE ( `cid` = 2 )  [ RunTime:1.308466s ]
NOTIC: [8] Undefined index: item F:\www\php\php\Lib\Action\Contest\IndexAction.class.php Á¨¨ 31 Ë°å.

[ 2014-11-26T10:32:26+08:00 ] 0.0.0.0 /php/index.php/Contest/Index/form
INFO: [ app_begin ] --START--
INFO: ReadHtmlCache Behavior ::run [ RunTime:0.000288s ]
INFO: [ app_begin ] --END-- [ RunTime:0.000349s ]
NOTIC: [8192] mysql_connect(): The mysql extension is deprecated and will be removed in the future: use mysqli or PDO instead F:\www\php\ThinkPHP\Lib\Driver\Db\DbMysql.class.php Á¨¨ 55 Ë°å.
SQL: SHOW COLUMNS FROM `contest` [ RunTime:0.401442s ]
NOTIC: [8192] preg_replace(): The /e modifier is deprecated, use preg_replace_callback instead F:\www\php\ThinkPHP\Lib\Core\Db.class.php Á¨¨ 604 Ë°å.
SQL: SELECT * FROM `contest` WHERE ( `cid` = 2 )  [ RunTime:0.408554s ]
NOTIC: [8] Undefined index: item F:\www\php\php\Lib\Action\Contest\IndexAction.class.php Á¨¨ 31 Ë°å.

[ 2014-11-26T10:32:33+08:00 ] 0.0.0.0 /php/index.php/Contest/Index/form
INFO: [ app_begin ] --START--
INFO: ReadHtmlCache Behavior ::run [ RunTime:0.000656s ]
INFO: [ app_begin ] --END-- [ RunTime:0.000739s ]
NOTIC: [8192] mysql_connect(): The mysql extension is deprecated and will be removed in the future: use mysqli or PDO instead F:\www\php\ThinkPHP\Lib\Driver\Db\DbMysql.class.php Á¨¨ 55 Ë°å.
SQL: SHOW COLUMNS FROM `contest` [ RunTime:0.392540s ]
NOTIC: [8192] preg_replace(): The /e modifier is deprecated, use preg_replace_callback instead F:\www\php\ThinkPHP\Lib\Core\Db.class.php Á¨¨ 604 Ë°å.
SQL: SELECT * FROM `contest` WHERE ( `cid` = 2 )  [ RunTime:0.385036s ]
NOTIC: [8] Undefined index: item F:\www\php\php\Lib\Action\Contest\IndexAction.class.php Á¨¨ 31 Ë°å.

[ 2014-11-26T10:33:14+08:00 ] 0.0.0.0 /php/index.php/Contest/Index/form
INFO: [ app_begin ] --START--
INFO: ReadHtmlCache Behavior ::run [ RunTime:0.000268s ]
INFO: [ app_begin ] --END-- [ RunTime:0.000302s ]
NOTIC: [8192] mysql_connect(): The mysql extension is deprecated and will be removed in the future: use mysqli or PDO instead F:\www\php\ThinkPHP\Lib\Driver\Db\DbMysql.class.php Á¨¨ 55 Ë°å.
SQL: SHOW COLUMNS FROM `contest` [ RunTime:1.193096s ]
NOTIC: [8192] preg_replace(): The /e modifier is deprecated, use preg_replace_callback instead F:\www\php\ThinkPHP\Lib\Core\Db.class.php Á¨¨ 604 Ë°å.
SQL: SELECT * FROM `contest` WHERE ( `cid` = 2 )  [ RunTime:0.369481s ]
NOTIC: [8] Undefined index: item F:\www\php\php\Lib\Action\Contest\IndexAction.class.php Á¨¨ 31 Ë°å.

[ 2014-11-26T10:33:18+08:00 ] 0.0.0.0 /php/index.php/Contest/Index/form
INFO: [ app_begin ] --START--
INFO: ReadHtmlCache Behavior ::run [ RunTime:0.000325s ]
INFO: [ app_begin ] --END-- [ RunTime:0.000360s ]
NOTIC: [8192] mysql_connect(): The mysql extension is deprecated and will be removed in the future: use mysqli or PDO instead F:\www\php\ThinkPHP\Lib\Driver\Db\DbMysql.class.php Á¨¨ 55 Ë°å.
SQL: SHOW COLUMNS FROM `contest` [ RunTime:0.443326s ]
NOTIC: [8192] preg_replace(): The /e modifier is deprecated, use preg_replace_callback instead F:\www\php\ThinkPHP\Lib\Core\Db.class.php Á¨¨ 604 Ë°å.
SQL: SELECT * FROM `contest` WHERE ( `cid` = 2 )  [ RunTime:0.440237s ]
NOTIC: [8] Undefined index: item F:\www\php\php\Lib\Action\Contest\IndexAction.class.php Á¨¨ 31 Ë°å.

[ 2014-11-26T10:33:50+08:00 ] 0.0.0.0 /php/index.php/Contest/Index/form
INFO: [ app_begin ] --START--
INFO: ReadHtmlCache Behavior ::run [ RunTime:0.000425s ]
INFO: [ app_begin ] --END-- [ RunTime:0.000480s ]
NOTIC: [8192] mysql_connect(): The mysql extension is deprecated and will be removed in the future: use mysqli or PDO instead F:\www\php\ThinkPHP\Lib\Driver\Db\DbMysql.class.php Á¨¨ 55 Ë°å.
SQL: SHOW COLUMNS FROM `contest` [ RunTime:0.435395s ]
NOTIC: [8192] preg_replace(): The /e modifier is deprecated, use preg_replace_callback instead F:\www\php\ThinkPHP\Lib\Core\Db.class.php Á¨¨ 604 Ë°å.

[ 2014-11-26T10:35:28+08:00 ] 0.0.0.0 /php/index.php/Contest/Index/form
INFO: [ app_begin ] --START--
INFO: ReadHtmlCache Behavior ::run [ RunTime:0.000306s ]
INFO: [ app_begin ] --END-- [ RunTime:0.000349s ]
NOTIC: [8192] mysql_connect(): The mysql extension is deprecated and will be removed in the future: use mysqli or PDO instead F:\www\php\ThinkPHP\Lib\Driver\Db\DbMysql.class.php Á¨¨ 55 Ë°å.
SQL: SHOW COLUMNS FROM `contest` [ RunTime:0.450226s ]
NOTIC: [8192] preg_replace(): The /e modifier is deprecated, use preg_replace_callback instead F:\www\php\ThinkPHP\Lib\Core\Db.class.php Á¨¨ 604 Ë°å.
SQL: SELECT * FROM `contest` WHERE ( `cid` = 2 )  [ RunTime:0.467641s ]
NOTIC: [8] Undefined index: item F:\www\php\php\Lib\Action\Contest\IndexAction.class.php Á¨¨ 31 Ë°å.

[ 2014-11-26T10:36:03+08:00 ] 0.0.0.0 /php/index.php/Contest/Index/form
INFO: [ app_begin ] --START--
INFO: ReadHtmlCache Behavior ::run [ RunTime:0.000268s ]
INFO: [ app_begin ] --END-- [ RunTime:0.000303s ]
NOTIC: [8192] mysql_connect(): The mysql extension is deprecated and will be removed in the future: use mysqli or PDO instead F:\www\php\ThinkPHP\Lib\Driver\Db\DbMysql.class.php Á¨¨ 55 Ë°å.
SQL: SHOW COLUMNS FROM `contest` [ RunTime:0.453922s ]
NOTIC: [8192] preg_replace(): The /e modifier is deprecated, use preg_replace_callback instead F:\www\php\ThinkPHP\Lib\Core\Db.class.php Á¨¨ 604 Ë°å.
SQL: SELECT * FROM `contest` WHERE ( `cid` = 2 )  [ RunTime:0.444893s ]
NOTIC: [8] Undefined index: item F:\www\php\php\Lib\Action\Contest\IndexAction.class.php Á¨¨ 31 Ë°å.

[ 2014-11-26T10:36:12+08:00 ] 0.0.0.0 /php/index.php/Contest/Index/form
INFO: [ app_begin ] --START--
INFO: ReadHtmlCache Behavior ::run [ RunTime:0.000603s ]
INFO: [ app_begin ] --END-- [ RunTime:0.000695s ]
NOTIC: [8192] mysql_connect(): The mysql extension is deprecated and will be removed in the future: use mysqli or PDO instead F:\www\php\ThinkPHP\Lib\Driver\Db\DbMysql.class.php Á¨¨ 55 Ë°å.
SQL: SHOW COLUMNS FROM `contest` [ RunTime:0.508475s ]
NOTIC: [8192] preg_replace(): The /e modifier is deprecated, use preg_replace_callback instead F:\www\php\ThinkPHP\Lib\Core\Db.class.php Á¨¨ 604 Ë°å.
SQL: SELECT * FROM `contest` WHERE ( `cid` = 2 )  [ RunTime:0.503821s ]
NOTIC: [8] Undefined index: item F:\www\php\php\Lib\Action\Contest\IndexAction.class.php Á¨¨ 31 Ë°å.

[ 2014-11-26T10:39:23+08:00 ] 0.0.0.0 /php/index.php/Contest/Index/form
INFO: [ app_begin ] --START--
INFO: ReadHtmlCache Behavior ::run [ RunTime:0.000282s ]
INFO: [ app_begin ] --END-- [ RunTime:0.000318s ]
NOTIC: [8192] mysql_connect(): The mysql extension is deprecated and will be removed in the future: use mysqli or PDO instead F:\www\php\ThinkPHP\Lib\Driver\Db\DbMysql.class.php Á¨¨ 55 Ë°å.
SQL: SHOW COLUMNS FROM `contest` [ RunTime:0.462544s ]
NOTIC: [8192] preg_replace(): The /e modifier is deprecated, use preg_replace_callback instead F:\www\php\ThinkPHP\Lib\Core\Db.class.php Á¨¨ 604 Ë°å.
SQL: SELECT * FROM `contest` WHERE ( `cid` = 2 )  [ RunTime:0.459065s ]
NOTIC: [8] Undefined index: item F:\www\php\php\Lib\Action\Contest\IndexAction.class.php Á¨¨ 31 Ë°å.

[ 2014-11-26T10:39:33+08:00 ] 0.0.0.0 /php/index.php/Contest/Index/form
INFO: [ app_begin ] --START--
INFO: ReadHtmlCache Behavior ::run [ RunTime:0.000906s ]
INFO: [ app_begin ] --END-- [ RunTime:0.001024s ]
NOTIC: [8192] mysql_connect(): The mysql extension is deprecated and will be removed in the future: use mysqli or PDO instead F:\www\php\ThinkPHP\Lib\Driver\Db\DbMysql.class.php Á¨¨ 55 Ë°å.
SQL: SHOW COLUMNS FROM `contest` [ RunTime:0.437284s ]
NOTIC: [8192] preg_replace(): The /e modifier is deprecated, use preg_replace_callback instead F:\www\php\ThinkPHP\Lib\Core\Db.class.php Á¨¨ 604 Ë°å.
SQL: SELECT * FROM `contest` WHERE ( `cid` = 2 )  [ RunTime:0.469665s ]
NOTIC: [8] Undefined index: item F:\www\php\php\Lib\Action\Contest\IndexAction.class.php Á¨¨ 31 Ë°å.

[ 2014-11-26T10:39:48+08:00 ] 0.0.0.0 /php/index.php/Contest/Index/form
INFO: [ app_begin ] --START--
INFO: ReadHtmlCache Behavior ::run [ RunTime:0.000741s ]
INFO: [ app_begin ] --END-- [ RunTime:0.000854s ]
NOTIC: [8192] mysql_connect(): The mysql extension is deprecated and will be removed in the future: use mysqli or PDO instead F:\www\php\ThinkPHP\Lib\Driver\Db\DbMysql.class.php Á¨¨ 55 Ë°å.
SQL: SHOW COLUMNS FROM `contest` [ RunTime:0.467558s ]
NOTIC: [8192] preg_replace(): The /e modifier is deprecated, use preg_replace_callback instead F:\www\php\ThinkPHP\Lib\Core\Db.class.php Á¨¨ 604 Ë°å.
SQL: SELECT * FROM `contest` WHERE ( `cid` = 2 )  [ RunTime:0.461069s ]
NOTIC: [8] Undefined index: item F:\www\php\php\Lib\Action\Contest\IndexAction.class.php Á¨¨ 31 Ë°å.
NOTIC: [8] Undefined index: item F:\www\php\php\Lib\Action\Contest\IndexAction.class.php Á¨¨ 58 Ë°å.

[ 2014-11-26T11:00:14+08:00 ] 0.0.0.0 /php/index.php/Contest/Index/form
INFO: [ app_begin ] --START--
INFO: ReadHtmlCache Behavior ::run [ RunTime:0.000269s ]
INFO: [ app_begin ] --END-- [ RunTime:0.000303s ]
NOTIC: [8192] mysql_connect(): The mysql extension is deprecated and will be removed in the future: use mysqli or PDO instead F:\www\php\ThinkPHP\Lib\Driver\Db\DbMysql.class.php Á¨¨ 55 Ë°å.
SQL: SHOW COLUMNS FROM `contest` [ RunTime:0.369730s ]
NOTIC: [8192] preg_replace(): The /e modifier is deprecated, use preg_replace_callback instead F:\www\php\ThinkPHP\Lib\Core\Db.class.php Á¨¨ 604 Ë°å.
SQL: SELECT * FROM `contest` WHERE ( `cid` = 2 )  [ RunTime:0.366274s ]

[ 2014-11-26T11:00:27+08:00 ] 0.0.0.0 /php/index.php/Contest/Index/form
INFO: [ app_begin ] --START--
INFO: ReadHtmlCache Behavior ::run [ RunTime:0.000311s ]
INFO: [ app_begin ] --END-- [ RunTime:0.000352s ]
NOTIC: [8192] mysql_connect(): The mysql extension is deprecated and will be removed in the future: use mysqli or PDO instead F:\www\php\ThinkPHP\Lib\Driver\Db\DbMysql.class.php Á¨¨ 55 Ë°å.
SQL: SHOW COLUMNS FROM `contest` [ RunTime:0.366249s ]
NOTIC: [8192] preg_replace(): The /e modifier is deprecated, use preg_replace_callback instead F:\www\php\ThinkPHP\Lib\Core\Db.class.php Á¨¨ 604 Ë°å.
SQL: SELECT * FROM `contest` WHERE ( `cid` = 1 )  [ RunTime:0.364451s ]

[ 2014-11-26T11:01:03+08:00 ] 0.0.0.0 /php/index.php/Contest/Index/form
INFO: [ app_begin ] --START--
INFO: ReadHtmlCache Behavior ::run [ RunTime:0.000342s ]
INFO: [ app_begin ] --END-- [ RunTime:0.000377s ]
NOTIC: [8192] mysql_connect(): The mysql extension is deprecated and will be removed in the future: use mysqli or PDO instead F:\www\php\ThinkPHP\Lib\Driver\Db\DbMysql.class.php Á¨¨ 55 Ë°å.
SQL: SHOW COLUMNS FROM `contest` [ RunTime:0.366306s ]
NOTIC: [8192] preg_replace(): The /e modifier is deprecated, use preg_replace_callback instead F:\www\php\ThinkPHP\Lib\Core\Db.class.php Á¨¨ 604 Ë°å.
SQL: SELECT * FROM `contest` WHERE ( `cid` = 2 )  [ RunTime:0.365036s ]

[ 2014-11-26T11:02:39+08:00 ] 0.0.0.0 /php/index.php/Contest/Index/form
INFO: [ app_begin ] --START--
INFO: ReadHtmlCache Behavior ::run [ RunTime:0.000277s ]
INFO: [ app_begin ] --END-- [ RunTime:0.000311s ]
NOTIC: [8192] mysql_connect(): The mysql extension is deprecated and will be removed in the future: use mysqli or PDO instead F:\www\php\ThinkPHP\Lib\Driver\Db\DbMysql.class.php Á¨¨ 55 Ë°å.
SQL: SHOW COLUMNS FROM `contest` [ RunTime:0.387472s ]
NOTIC: [8192] preg_replace(): The /e modifier is deprecated, use preg_replace_callback instead F:\www\php\ThinkPHP\Lib\Core\Db.class.php Á¨¨ 604 Ë°å.
SQL: SELECT * FROM `contest` WHERE ( `cid` = 2 )  [ RunTime:0.384424s ]
NOTIC: [8] Undefined index: item F:\www\php\php\Lib\Action\Contest\IndexAction.class.php Á¨¨ 31 Ë°å.

[ 2014-11-26T11:02:47+08:00 ] 0.0.0.0 /php/index.php/Contest/Index/form
INFO: [ app_begin ] --START--
INFO: ReadHtmlCache Behavior ::run [ RunTime:0.000695s ]
INFO: [ app_begin ] --END-- [ RunTime:0.000778s ]
NOTIC: [8192] mysql_connect(): The mysql extension is deprecated and will be removed in the future: use mysqli or PDO instead F:\www\php\ThinkPHP\Lib\Driver\Db\DbMysql.class.php Á¨¨ 55 Ë°å.
SQL: SHOW COLUMNS FROM `contest` [ RunTime:0.377444s ]
NOTIC: [8192] preg_replace(): The /e modifier is deprecated, use preg_replace_callback instead F:\www\php\ThinkPHP\Lib\Core\Db.class.php Á¨¨ 604 Ë°å.
SQL: SELECT * FROM `contest` WHERE ( `cid` = 2 )  [ RunTime:0.370934s ]
NOTIC: [8] Undefined index: item F:\www\php\php\Lib\Action\Contest\IndexAction.class.php Á¨¨ 31 Ë°å.

[ 2014-11-26T11:03:18+08:00 ] 0.0.0.0 /php/index.php/Contest/Index/form
INFO: [ app_begin ] --START--
INFO: ReadHtmlCache Behavior ::run [ RunTime:0.000269s ]
INFO: [ app_begin ] --END-- [ RunTime:0.000303s ]
NOTIC: [8192] mysql_connect(): The mysql extension is deprecated and will be removed in the future: use mysqli or PDO instead F:\www\php\ThinkPHP\Lib\Driver\Db\DbMysql.class.php Á¨¨ 55 Ë°å.
SQL: SHOW COLUMNS FROM `contest` [ RunTime:0.430492s ]
NOTIC: [8192] preg_replace(): The /e modifier is deprecated, use preg_replace_callback instead F:\www\php\ThinkPHP\Lib\Core\Db.class.php Á¨¨ 604 Ë°å.
SQL: SELECT * FROM `contest` WHERE ( `cid` = 2 )  [ RunTime:0.448584s ]
NOTIC: [8] Undefined index: item F:\www\php\php\Lib\Action\Contest\IndexAction.class.php Á¨¨ 31 Ë°å.

[ 2014-11-26T11:03:25+08:00 ] 0.0.0.0 /php/index.php/Contest/Index/form
INFO: [ app_begin ] --START--
INFO: ReadHtmlCache Behavior ::run [ RunTime:0.000268s ]
INFO: [ app_begin ] --END-- [ RunTime:0.000302s ]
NOTIC: [8192] mysql_connect(): The mysql extension is deprecated and will be removed in the future: use mysqli or PDO instead F:\www\php\ThinkPHP\Lib\Driver\Db\DbMysql.class.php Á¨¨ 55 Ë°å.
SQL: SHOW COLUMNS FROM `contest` [ RunTime:0.368336s ]
NOTIC: [8192] preg_replace(): The /e modifier is deprecated, use preg_replace_callback instead F:\www\php\ThinkPHP\Lib\Core\Db.class.php Á¨¨ 604 Ë°å.
SQL: SELECT * FROM `contest` WHERE ( `cid` = 2 )  [ RunTime:0.364821s ]
NOTIC: [8] Undefined index: item F:\www\php\php\Lib\Action\Contest\IndexAction.class.php Á¨¨ 31 Ë°å.

[ 2014-11-26T11:06:15+08:00 ] 0.0.0.0 /php/index.php/Contest/Index/form
INFO: [ app_begin ] --START--
INFO: ReadHtmlCache Behavior ::run [ RunTime:0.000270s ]
INFO: [ app_begin ] --END-- [ RunTime:0.000304s ]
NOTIC: [8192] mysql_connect(): The mysql extension is deprecated and will be removed in the future: use mysqli or PDO instead F:\www\php\ThinkPHP\Lib\Driver\Db\DbMysql.class.php Á¨¨ 55 Ë°å.
SQL: SHOW COLUMNS FROM `contest` [ RunTime:0.418958s ]
NOTIC: [8192] preg_replace(): The /e modifier is deprecated, use preg_replace_callback instead F:\www\php\ThinkPHP\Lib\Core\Db.class.php Á¨¨ 604 Ë°å.
SQL: SELECT * FROM `contest` WHERE ( `cid` = 2 )  [ RunTime:0.436722s ]
NOTIC: [8] Undefined index: item F:\www\php\php\Lib\Action\Contest\IndexAction.class.php Á¨¨ 31 Ë°å.

[ 2014-11-26T11:06:22+08:00 ] 0.0.0.0 /php/index.php/Contest/Index/form
INFO: [ app_begin ] --START--
INFO: ReadHtmlCache Behavior ::run [ RunTime:0.000277s ]
INFO: [ app_begin ] --END-- [ RunTime:0.000312s ]
NOTIC: [8192] mysql_connect(): The mysql extension is deprecated and will be removed in the future: use mysqli or PDO instead F:\www\php\ThinkPHP\Lib\Driver\Db\DbMysql.class.php Á¨¨ 55 Ë°å.
SQL: SHOW COLUMNS FROM `contest` [ RunTime:0.370222s ]
NOTIC: [8192] preg_replace(): The /e modifier is deprecated, use preg_replace_callback instead F:\www\php\ThinkPHP\Lib\Core\Db.class.php Á¨¨ 604 Ë°å.
SQL: SELECT * FROM `contest` WHERE ( `cid` = 2 )  [ RunTime:0.367783s ]
NOTIC: [8] Undefined index: item F:\www\php\php\Lib\Action\Contest\IndexAction.class.php Á¨¨ 31 Ë°å.

[ 2014-11-26T11:37:15+08:00 ] 0.0.0.0 /php/index.php/Contest/Index/form
INFO: [ app_begin ] --START--
INFO: ReadHtmlCache Behavior ::run [ RunTime:0.000333s ]
INFO: [ app_begin ] --END-- [ RunTime:0.000372s ]
NOTIC: [8192] mysql_connect(): The mysql extension is deprecated and will be removed in the future: use mysqli or PDO instead F:\www\php\ThinkPHP\Lib\Driver\Db\DbMysql.class.php Á¨¨ 55 Ë°å.
SQL: SHOW COLUMNS FROM `contest` [ RunTime:0.457168s ]
NOTIC: [8192] preg_replace(): The /e modifier is deprecated, use preg_replace_callback instead F:\www\php\ThinkPHP\Lib\Core\Db.class.php Á¨¨ 604 Ë°å.
SQL: SELECT * FROM `contest` WHERE ( `cid` = 2 )  [ RunTime:0.435915s ]
NOTIC: [8] Undefined index: item F:\www\php\php\Lib\Action\Contest\IndexAction.class.php Á¨¨ 31 Ë°å.

[ 2014-11-26T11:40:00+08:00 ] 0.0.0.0 /php/index.php/Contest/Index/form
INFO: [ app_begin ] --START--
INFO: ReadHtmlCache Behavior ::run [ RunTime:0.000273s ]
INFO: [ app_begin ] --END-- [ RunTime:0.000307s ]
NOTIC: [8192] mysql_connect(): The mysql extension is deprecated and will be removed in the future: use mysqli or PDO instead F:\www\php\ThinkPHP\Lib\Driver\Db\DbMysql.class.php Á¨¨ 55 Ë°å.
SQL: SHOW COLUMNS FROM `contest` [ RunTime:1.642635s ]
NOTIC: [8192] preg_replace(): The /e modifier is deprecated, use preg_replace_callback instead F:\www\php\ThinkPHP\Lib\Core\Db.class.php Á¨¨ 604 Ë°å.
SQL: SELECT * FROM `contest` WHERE ( `cid` = 2 )  [ RunTime:1.545642s ]
NOTIC: [8] Undefined index: item F:\www\php\php\Lib\Action\Contest\IndexAction.class.php Á¨¨ 31 Ë°å.

[ 2014-11-26T16:04:30+08:00 ] 0.0.0.0 /php/index.php
ERR: Êó†Ê≥ïÂä†ËΩΩÊ®°Âùó:Index

[ 2014-11-26T16:21:41+08:00 ] 0.0.0.0 /php/index.php/Contest/Index/form
INFO: [ app_begin ] --START--
INFO: ReadHtmlCache Behavior ::run [ RunTime:0.000269s ]
INFO: [ app_begin ] --END-- [ RunTime:0.000303s ]
NOTIC: [8192] mysql_connect(): The mysql extension is deprecated and will be removed in the future: use mysqli or PDO instead F:\www\php\ThinkPHP\Lib\Driver\Db\DbMysql.class.php Á¨¨ 55 Ë°å.
SQL: SHOW COLUMNS FROM `contest` [ RunTime:0.001951s ]
NOTIC: [8192] preg_replace(): The /e modifier is deprecated, use preg_replace_callback instead F:\www\php\ThinkPHP\Lib\Core\Db.class.php Á¨¨ 604 Ë°å.
SQL: SELECT * FROM `contest` WHERE ( `cid` = 2 )  [ RunTime:0.010169s ]
NOTIC: [8] Undefined index: item F:\www\php\php\Lib\Action\Contest\IndexAction.class.php Á¨¨ 31 Ë°å.

[ 2014-11-26T16:21:46+08:00 ] 0.0.0.0 /php/index.php/Contest/Index/form
INFO: [ app_begin ] --START--
INFO: ReadHtmlCache Behavior ::run [ RunTime:0.000343s ]
INFO: [ app_begin ] --END-- [ RunTime:0.000378s ]
NOTIC: [8192] mysql_connect(): The mysql extension is deprecated and will be removed in the future: use mysqli or PDO instead F:\www\php\ThinkPHP\Lib\Driver\Db\DbMysql.class.php Á¨¨ 55 Ë°å.
SQL: SHOW COLUMNS FROM `contest` [ RunTime:0.001831s ]
NOTIC: [8192] preg_replace(): The /e modifier is deprecated, use preg_replace_callback instead F:\www\php\ThinkPHP\Lib\Core\Db.class.php Á¨¨ 604 Ë°å.
SQL: SELECT * FROM `contest` WHERE ( `cid` = 2 )  [ RunTime:0.000889s ]
NOTIC: [8] Undefined index: item F:\www\php\php\Lib\Action\Contest\IndexAction.class.php Á¨¨ 31 Ë°å.

[ 2014-11-26T16:21:51+08:00 ] 0.0.0.0 /php/index.php/Contest/Index/form
INFO: [ app_begin ] --START--
INFO: ReadHtmlCache Behavior ::run [ RunTime:0.000444s ]
INFO: [ app_begin ] --END-- [ RunTime:0.000496s ]
NOTIC: [8192] mysql_connect(): The mysql extension is deprecated and will be removed in the future: use mysqli or PDO instead F:\www\php\ThinkPHP\Lib\Driver\Db\DbMysql.class.php Á¨¨ 55 Ë°å.
SQL: SHOW COLUMNS FROM `contest` [ RunTime:0.001746s ]
NOTIC: [8192] preg_replace(): The /e modifier is deprecated, use preg_replace_callback instead F:\www\php\ThinkPHP\Lib\Core\Db.class.php Á¨¨ 604 Ë°å.
SQL: SELECT * FROM `contest` WHERE ( `cid` = 2 )  [ RunTime:0.000710s ]
NOTIC: [8] Undefined index: item F:\www\php\php\Lib\Action\Contest\IndexAction.class.php Á¨¨ 31 Ë°å.
NOTIC: [8] Undefined index: item F:\www\php\php\Lib\Action\Contest\IndexAction.class.php Á¨¨ 58 Ë°å.

[ 2014-11-26T16:21:54+08:00 ] 0.0.0.0 /php/index.php/Contest/Index/form
INFO: [ app_begin ] --START--
INFO: ReadHtmlCache Behavior ::run [ RunTime:0.000269s ]
INFO: [ app_begin ] --END-- [ RunTime:0.000301s ]
NOTIC: [8192] mysql_connect(): The mysql extension is deprecated and will be removed in the future: use mysqli or PDO instead F:\www\php\ThinkPHP\Lib\Driver\Db\DbMysql.class.php Á¨¨ 55 Ë°å.
SQL: SHOW COLUMNS FROM `contest` [ RunTime:0.001941s ]
NOTIC: [8192] preg_replace(): The /e modifier is deprecated, use preg_replace_callback instead F:\www\php\ThinkPHP\Lib\Core\Db.class.php Á¨¨ 604 Ë°å.
SQL: SELECT * FROM `contest` WHERE ( `cid` = 2 )  [ RunTime:0.000747s ]

[ 2014-11-26T16:21:57+08:00 ] 0.0.0.0 /php/index.php/Contest/Index/form
INFO: [ app_begin ] --START--
INFO: ReadHtmlCache Behavior ::run [ RunTime:0.000314s ]
INFO: [ app_begin ] --END-- [ RunTime:0.000358s ]
NOTIC: [8192] mysql_connect(): The mysql extension is deprecated and will be removed in the future: use mysqli or PDO instead F:\www\php\ThinkPHP\Lib\Driver\Db\DbMysql.class.php Á¨¨ 55 Ë°å.
SQL: SHOW COLUMNS FROM `contest` [ RunTime:0.001843s ]
NOTIC: [8192] preg_replace(): The /e modifier is deprecated, use preg_replace_callback instead F:\www\php\ThinkPHP\Lib\Core\Db.class.php Á¨¨ 604 Ë°å.
SQL: SELECT * FROM `contest` WHERE ( `cid` = 1 )  [ RunTime:0.001037s ]

[ 2014-11-26T16:59:55+08:00 ] 0.0.0.0 /php/index.php/Contest/Index/form
INFO: [ app_begin ] --START--
INFO: ReadHtmlCache Behavior ::run [ RunTime:0.000275s ]
INFO: [ app_begin ] --END-- [ RunTime:0.000308s ]
NOTIC: [8192] mysql_connect(): The mysql extension is deprecated and will be removed in the future: use mysqli or PDO instead F:\www\php\ThinkPHP\Lib\Driver\Db\DbMysql.class.php Á¨¨ 55 Ë°å.
SQL: SHOW COLUMNS FROM `contest` [ RunTime:0.001854s ]
NOTIC: [8192] preg_replace(): The /e modifier is deprecated, use preg_replace_callback instead F:\www\php\ThinkPHP\Lib\Core\Db.class.php Á¨¨ 604 Ë°å.
SQL: SELECT * FROM `contest` WHERE ( `cid` = 3 )  [ RunTime:0.001030s ]
SQL: SHOW COLUMNS FROM `contest_user` [ RunTime:0.022757s ]
NOTIC: [8192] preg_replace(): The /e modifier is deprecated, use preg_replace_callback instead F:\www\php\ThinkPHP\Lib\Core\Db.class.php Á¨¨ 604 Ë°å.
SQL: SELECT * FROM `contest_user` WHERE ( `uid` = 1 ) AND ( `cid` = 3 )  [ RunTime:0.000981s ]

[ 2014-11-26T17:01:35+08:00 ] 0.0.0.0 /php/index.php/Contest/Index/form
INFO: [ app_begin ] --START--
INFO: ReadHtmlCache Behavior ::run [ RunTime:0.000297s ]
INFO: [ app_begin ] --END-- [ RunTime:0.000335s ]
NOTIC: [8192] mysql_connect(): The mysql extension is deprecated and will be removed in the future: use mysqli or PDO instead F:\www\php\ThinkPHP\Lib\Driver\Db\DbMysql.class.php Á¨¨ 55 Ë°å.
SQL: SHOW COLUMNS FROM `contest` [ RunTime:0.001758s ]
NOTIC: [8192] preg_replace(): The /e modifier is deprecated, use preg_replace_callback instead F:\www\php\ThinkPHP\Lib\Core\Db.class.php Á¨¨ 604 Ë°å.
SQL: SELECT * FROM `contest` WHERE ( `cid` = 4 )  [ RunTime:0.000979s ]

[ 2014-11-26T17:03:24+08:00 ] 0.0.0.0 /php/index.php/Contest/Index/form
INFO: [ app_begin ] --START--
INFO: ReadHtmlCache Behavior ::run [ RunTime:0.000275s ]
INFO: [ app_begin ] --END-- [ RunTime:0.000310s ]
NOTIC: [8192] mysql_connect(): The mysql extension is deprecated and will be removed in the future: use mysqli or PDO instead F:\www\php\ThinkPHP\Lib\Driver\Db\DbMysql.class.php Á¨¨ 55 Ë°å.
SQL: SHOW COLUMNS FROM `contest` [ RunTime:0.001951s ]
NOTIC: [8192] preg_replace(): The /e modifier is deprecated, use preg_replace_callback instead F:\www\php\ThinkPHP\Lib\Core\Db.class.php Á¨¨ 604 Ë°å.
SQL: SELECT * FROM `contest` WHERE ( `cid` = 3 )  [ RunTime:0.000717s ]
SQL: SHOW COLUMNS FROM `contest_user` [ RunTime:0.001400s ]
NOTIC: [8192] preg_replace(): The /e modifier is deprecated, use preg_replace_callback instead F:\www\php\ThinkPHP\Lib\Core\Db.class.php Á¨¨ 604 Ë°å.
SQL: SELECT * FROM `contest_user` WHERE ( `uid` = 1 ) AND ( `cid` = 3 )  [ RunTime:0.000618s ]

[ 2014-11-26T17:03:26+08:00 ] 0.0.0.0 /php/index.php/Contest/Index/form
INFO: [ app_begin ] --START--
INFO: ReadHtmlCache Behavior ::run [ RunTime:0.000268s ]
INFO: [ app_begin ] --END-- [ RunTime:0.000304s ]
NOTIC: [8192] mysql_connect(): The mysql extension is deprecated and will be removed in the future: use mysqli or PDO instead F:\www\php\ThinkPHP\Lib\Driver\Db\DbMysql.class.php Á¨¨ 55 Ë°å.
SQL: SHOW COLUMNS FROM `contest` [ RunTime:0.001851s ]
NOTIC: [8192] preg_replace(): The /e modifier is deprecated, use preg_replace_callback instead F:\www\php\ThinkPHP\Lib\Core\Db.class.php Á¨¨ 604 Ë°å.
SQL: SELECT * FROM `contest` WHERE ( `cid` = 5 )  [ RunTime:0.001048s ]

[ 2014-11-26T17:03:28+08:00 ] 0.0.0.0 /php/index.php/Contest/Index/form
INFO: [ app_begin ] --START--
INFO: ReadHtmlCache Behavior ::run [ RunTime:0.000295s ]
INFO: [ app_begin ] --END-- [ RunTime:0.000330s ]
NOTIC: [8192] mysql_connect(): The mysql extension is deprecated and will be removed in the future: use mysqli or PDO instead F:\www\php\ThinkPHP\Lib\Driver\Db\DbMysql.class.php Á¨¨ 55 Ë°å.
SQL: SHOW COLUMNS FROM `contest` [ RunTime:0.001813s ]
NOTIC: [8192] preg_replace(): The /e modifier is deprecated, use preg_replace_callback instead F:\www\php\ThinkPHP\Lib\Core\Db.class.php Á¨¨ 604 Ë°å.
SQL: SELECT * FROM `contest` WHERE ( `cid` = 4 )  [ RunTime:0.000692s ]

[ 2014-11-26T17:03:29+08:00 ] 0.0.0.0 /php/index.php/Contest/Index/form
INFO: [ app_begin ] --START--
INFO: ReadHtmlCache Behavior ::run [ RunTime:0.000291s ]
INFO: [ app_begin ] --END-- [ RunTime:0.000326s ]
NOTIC: [8192] mysql_connect(): The mysql extension is deprecated and will be removed in the future: use mysqli or PDO instead F:\www\php\ThinkPHP\Lib\Driver\Db\DbMysql.class.php Á¨¨ 55 Ë°å.
SQL: SHOW COLUMNS FROM `contest` [ RunTime:0.001849s ]
NOTIC: [8192] preg_replace(): The /e modifier is deprecated, use preg_replace_callback instead F:\www\php\ThinkPHP\Lib\Core\Db.class.php Á¨¨ 604 Ë°å.
SQL: SELECT * FROM `contest` WHERE ( `cid` = 3 )  [ RunTime:0.000752s ]
SQL: SHOW COLUMNS FROM `contest_user` [ RunTime:0.001467s ]
NOTIC: [8192] preg_replace(): The /e modifier is deprecated, use preg_replace_callback instead F:\www\php\ThinkPHP\Lib\Core\Db.class.php Á¨¨ 604 Ë°å.
SQL: SELECT * FROM `contest_user` WHERE ( `uid` = 1 ) AND ( `cid` = 3 )  [ RunTime:0.000541s ]

[ 2014-11-26T17:03:30+08:00 ] 0.0.0.0 /php/index.php/Contest/Index/form
INFO: [ app_begin ] --START--
INFO: ReadHtmlCache Behavior ::run [ RunTime:0.000266s ]
INFO: [ app_begin ] --END-- [ RunTime:0.000300s ]
NOTIC: [8192] mysql_connect(): The mysql extension is deprecated and will be removed in the future: use mysqli or PDO instead F:\www\php\ThinkPHP\Lib\Driver\Db\DbMysql.class.php Á¨¨ 55 Ë°å.
SQL: SHOW COLUMNS FROM `contest` [ RunTime:0.001863s ]
NOTIC: [8192] preg_replace(): The /e modifier is deprecated, use preg_replace_callback instead F:\www\php\ThinkPHP\Lib\Core\Db.class.php Á¨¨ 604 Ë°å.
SQL: SELECT * FROM `contest` WHERE ( `cid` = 3 )  [ RunTime:0.000772s ]
SQL: SHOW COLUMNS FROM `contest_user` [ RunTime:0.001448s ]
NOTIC: [8192] preg_replace(): The /e modifier is deprecated, use preg_replace_callback instead F:\www\php\ThinkPHP\Lib\Core\Db.class.php Á¨¨ 604 Ë°å.
SQL: SELECT * FROM `contest_user` WHERE ( `uid` = 1 ) AND ( `cid` = 3 )  [ RunTime:0.000558s ]

[ 2014-11-26T17:03:31+08:00 ] 0.0.0.0 /php/index.php/Contest/Index/form
INFO: [ app_begin ] --START--
INFO: ReadHtmlCache Behavior ::run [ RunTime:0.000289s ]
INFO: [ app_begin ] --END-- [ RunTime:0.000324s ]
NOTIC: [8192] mysql_connect(): The mysql extension is deprecated and will be removed in the future: use mysqli or PDO instead F:\www\php\ThinkPHP\Lib\Driver\Db\DbMysql.class.php Á¨¨ 55 Ë°å.
SQL: SHOW COLUMNS FROM `contest` [ RunTime:0.001815s ]
NOTIC: [8192] preg_replace(): The /e modifier is deprecated, use preg_replace_callback instead F:\www\php\ThinkPHP\Lib\Core\Db.class.php Á¨¨ 604 Ë°å.
SQL: SELECT * FROM `contest` WHERE ( `cid` = 3 )  [ RunTime:0.000746s ]
SQL: SHOW COLUMNS FROM `contest_user` [ RunTime:0.001421s ]
NOTIC: [8192] preg_replace(): The /e modifier is deprecated, use preg_replace_callback instead F:\www\php\ThinkPHP\Lib\Core\Db.class.php Á¨¨ 604 Ë°å.
SQL: SELECT * FROM `contest_user` WHERE ( `uid` = 1 ) AND ( `cid` = 3 )  [ RunTime:0.000535s ]

[ 2014-11-26T17:03:32+08:00 ] 0.0.0.0 /php/index.php/Contest/Index/form
INFO: [ app_begin ] --START--
INFO: ReadHtmlCache Behavior ::run [ RunTime:0.000270s ]
INFO: [ app_begin ] --END-- [ RunTime:0.000304s ]
NOTIC: [8192] mysql_connect(): The mysql extension is deprecated and will be removed in the future: use mysqli or PDO instead F:\www\php\ThinkPHP\Lib\Driver\Db\DbMysql.class.php Á¨¨ 55 Ë°å.
SQL: SHOW COLUMNS FROM `contest` [ RunTime:0.001793s ]
NOTIC: [8192] preg_replace(): The /e modifier is deprecated, use preg_replace_callback instead F:\www\php\ThinkPHP\Lib\Core\Db.class.php Á¨¨ 604 Ë°å.
SQL: SELECT * FROM `contest` WHERE ( `cid` = 3 )  [ RunTime:0.000769s ]
SQL: SHOW COLUMNS FROM `contest_user` [ RunTime:0.001396s ]
NOTIC: [8192] preg_replace(): The /e modifier is deprecated, use preg_replace_callback instead F:\www\php\ThinkPHP\Lib\Core\Db.class.php Á¨¨ 604 Ë°å.
SQL: SELECT * FROM `contest_user` WHERE ( `uid` = 1 ) AND ( `cid` = 3 )  [ RunTime:0.000601s ]

[ 2014-11-26T17:03:32+08:00 ] 0.0.0.0 /php/index.php/Contest/Index/form
INFO: [ app_begin ] --START--
INFO: ReadHtmlCache Behavior ::run [ RunTime:0.000271s ]
INFO: [ app_begin ] --END-- [ RunTime:0.000304s ]
NOTIC: [8192] mysql_connect(): The mysql extension is deprecated and will be removed in the future: use mysqli or PDO instead F:\www\php\ThinkPHP\Lib\Driver\Db\DbMysql.class.php Á¨¨ 55 Ë°å.
SQL: SHOW COLUMNS FROM `contest` [ RunTime:0.001800s ]
NOTIC: [8192] preg_replace(): The /e modifier is deprecated, use preg_replace_callback instead F:\www\php\ThinkPHP\Lib\Core\Db.class.php Á¨¨ 604 Ë°å.
SQL: SELECT * FROM `contest` WHERE ( `cid` = 2 )  [ RunTime:0.000993s ]

[ 2014-11-26T17:03:34+08:00 ] 0.0.0.0 /php/index.php/Contest/Index/form
INFO: [ app_begin ] --START--
INFO: ReadHtmlCache Behavior ::run [ RunTime:0.000321s ]
INFO: [ app_begin ] --END-- [ RunTime:0.000360s ]
NOTIC: [8192] mysql_connect(): The mysql extension is deprecated and will be removed in the future: use mysqli or PDO instead F:\www\php\ThinkPHP\Lib\Driver\Db\DbMysql.class.php Á¨¨ 55 Ë°å.
SQL: SHOW COLUMNS FROM `contest` [ RunTime:0.001894s ]
NOTIC: [8192] preg_replace(): The /e modifier is deprecated, use preg_replace_callback instead F:\www\php\ThinkPHP\Lib\Core\Db.class.php Á¨¨ 604 Ë°å.
SQL: SELECT * FROM `contest` WHERE ( `cid` = 2 )  [ RunTime:0.000756s ]

[ 2014-11-26T17:03:36+08:00 ] 0.0.0.0 /php/index.php/Contest/Index/form
INFO: [ app_begin ] --START--
INFO: ReadHtmlCache Behavior ::run [ RunTime:0.000297s ]
INFO: [ app_begin ] --END-- [ RunTime:0.000340s ]
NOTIC: [8192] mysql_connect(): The mysql extension is deprecated and will be removed in the future: use mysqli or PDO instead F:\www\php\ThinkPHP\Lib\Driver\Db\DbMysql.class.php Á¨¨ 55 Ë°å.
SQL: SHOW COLUMNS FROM `contest` [ RunTime:0.001731s ]
NOTIC: [8192] preg_replace(): The /e modifier is deprecated, use preg_replace_callback instead F:\www\php\ThinkPHP\Lib\Core\Db.class.php Á¨¨ 604 Ë°å.
SQL: SELECT * FROM `contest` WHERE ( `cid` = 1 )  [ RunTime:0.000948s ]

[ 2014-11-26T17:25:44+08:00 ] 0.0.0.0 /php/index.php/Contest/Index/form
INFO: [ app_begin ] --START--
INFO: ReadHtmlCache Behavior ::run [ RunTime:0.000353s ]
INFO: [ app_begin ] --END-- [ RunTime:0.000398s ]
NOTIC: [8192] mysql_connect(): The mysql extension is deprecated and will be removed in the future: use mysqli or PDO instead F:\www\php\ThinkPHP\Lib\Driver\Db\DbMysql.class.php Á¨¨ 55 Ë°å.
SQL: SHOW COLUMNS FROM `contest` [ RunTime:0.001758s ]
NOTIC: [8192] preg_replace(): The /e modifier is deprecated, use preg_replace_callback instead F:\www\php\ThinkPHP\Lib\Core\Db.class.php Á¨¨ 604 Ë°å.
SQL: SELECT * FROM `contest` WHERE ( `cid` = 5 )  [ RunTime:0.000689s ]

[ 2014-11-26T20:08:56+08:00 ] 0.0.0.0 /php/index.php/Contest/Index/index
ERR: œÚ“ª∏ˆŒﬁ∑®¡¨Ω”µƒÕ¯¬Á≥¢ ‘¡À“ª∏ˆÃ◊Ω”◊÷≤Ÿ◊˜°£


[ 2014-11-26T20:08:59+08:00 ] 0.0.0.0 /php/index.php/Contest/Index/index
ERR: œÚ“ª∏ˆŒﬁ∑®¡¨Ω”µƒÕ¯¬Á≥¢ ‘¡À“ª∏ˆÃ◊Ω”◊÷≤Ÿ◊˜°£


[ 2014-11-26T20:09:02+08:00 ] 0.0.0.0 /php/index.php/Contest/Index/index
ERR: œÚ“ª∏ˆŒﬁ∑®¡¨Ω”µƒÕ¯¬Á≥¢ ‘¡À“ª∏ˆÃ◊Ω”◊÷≤Ÿ◊˜°£


[ 2014-11-26T20:09:03+08:00 ] 0.0.0.0 /php/index.php/Contest/Index/index
ERR: œÚ“ª∏ˆŒﬁ∑®¡¨Ω”µƒÕ¯¬Á≥¢ ‘¡À“ª∏ˆÃ◊Ω”◊÷≤Ÿ◊˜°£


[ 2014-11-26T20:09:03+08:00 ] 0.0.0.0 /php/index.php/Contest/Index/index
ERR: œÚ“ª∏ˆŒﬁ∑®¡¨Ω”µƒÕ¯¬Á≥¢ ‘¡À“ª∏ˆÃ◊Ω”◊÷≤Ÿ◊˜°£


[ 2014-11-26T20:09:04+08:00 ] 0.0.0.0 /php/index.php/Contest/Index/index
ERR: œÚ“ª∏ˆŒﬁ∑®¡¨Ω”µƒÕ¯¬Á≥¢ ‘¡À“ª∏ˆÃ◊Ω”◊÷≤Ÿ◊˜°£


[ 2014-11-26T20:09:04+08:00 ] 0.0.0.0 /php/index.php/Contest/Index/index
ERR: œÚ“ª∏ˆŒﬁ∑®¡¨Ω”µƒÕ¯¬Á≥¢ ‘¡À“ª∏ˆÃ◊Ω”◊÷≤Ÿ◊˜°£


[ 2014-11-26T20:09:04+08:00 ] 0.0.0.0 /php/index.php/Contest/Index/index
ERR: œÚ“ª∏ˆŒﬁ∑®¡¨Ω”µƒÕ¯¬Á≥¢ ‘¡À“ª∏ˆÃ◊Ω”◊÷≤Ÿ◊˜°£


[ 2014-11-26T20:09:14+08:00 ] 0.0.0.0 /php/index.php/Contest/Index/index
ERR: œÚ“ª∏ˆŒﬁ∑®¡¨Ω”µƒÕ¯¬Á≥¢ ‘¡À“ª∏ˆÃ◊Ω”◊÷≤Ÿ◊˜°£


