[ 2014-12-02T10:54:10+08:00 ] 0.0.0.0 /php/index.php/Contest/Index/register
INFO: [ app_begin ] --START--
INFO: ReadHtmlCache Behavior ::run [ RunTime:0.000314s ]
INFO: [ app_begin ] --END-- [ RunTime:0.000351s ]
ERR: Action:ajaxRuturn您所请求的方法不存在！

[ 2014-12-02T10:56:22+08:00 ] 0.0.0.0 /php/index.php/Contest/Index/register
INFO: [ app_begin ] --START--
INFO: ReadHtmlCache Behavior ::run [ RunTime:0.000323s ]
INFO: [ app_begin ] --END-- [ RunTime:0.000368s ]
ERR: Action:ajaxRuturn您所请求的方法不存在！

[ 2014-12-02T11:04:33+08:00 ] 0.0.0.0 /php/index.php/Contest/Index/register
INFO: [ app_begin ] --START--
INFO: ReadHtmlCache Behavior ::run [ RunTime:0.000276s ]
INFO: [ app_begin ] --END-- [ RunTime:0.000309s ]

[ 2014-12-02T11:21:37+08:00 ] 0.0.0.0 /php/index.php/Contest/Index/register
INFO: [ app_begin ] --START--
INFO: ReadHtmlCache Behavior ::run [ RunTime:0.000271s ]
INFO: [ app_begin ] --END-- [ RunTime:0.000305s ]

[ 2014-12-02T11:24:32+08:00 ] 0.0.0.0 /php/index.php/Contest/Index/register
INFO: [ app_begin ] --START--
INFO: ReadHtmlCache Behavior ::run [ RunTime:0.000299s ]
INFO: [ app_begin ] --END-- [ RunTime:0.000333s ]
ERR: Action:ajaxRuturn您所请求的方法不存在！

[ 2014-12-02T11:45:49+08:00 ] 0.0.0.0 /php/index.php/Contest/Index/form
INFO: [ app_begin ] --START--
INFO: ReadHtmlCache Behavior ::run [ RunTime:0.000349s ]
INFO: [ app_begin ] --END-- [ RunTime:0.000389s ]
NOTIC: [8192] mysql_connect(): The mysql extension is deprecated and will be removed in the future: use mysqli or PDO instead F:\www\php\ThinkPHP\Lib\Driver\Db\DbMysql.class.php 第 55 行.
SQL: SHOW COLUMNS FROM `contest` [ RunTime:0.460231s ]
NOTIC: [8192] preg_replace(): The /e modifier is deprecated, use preg_replace_callback instead F:\www\php\ThinkPHP\Lib\Core\Db.class.php 第 604 行.
SQL: SELECT * FROM `contest` WHERE ( `cid` = 2 )  [ RunTime:0.435768s ]
NOTIC: [8] Undefined index: item F:\www\php\php\Lib\Action\Contest\IndexAction.class.php 第 44 行.

[ 2014-12-02T13:59:48+08:00 ] 0.0.0.0 /php/index.php/Contest/Index/register
INFO: [ app_begin ] --START--
INFO: ReadHtmlCache Behavior ::run [ RunTime:0.000558s ]
INFO: [ app_begin ] --END-- [ RunTime:0.000622s ]
ERR: Action:ajaxRuturn您所请求的方法不存在！

[ 2014-12-02T14:01:14+08:00 ] 0.0.0.0 /php/index.php/Contest/Index/register
INFO: [ app_begin ] --START--
INFO: ReadHtmlCache Behavior ::run [ RunTime:0.000403s ]
INFO: [ app_begin ] --END-- [ RunTime:0.000449s ]

[ 2014-12-02T14:03:41+08:00 ] 0.0.0.0 /php/index.php/Contest/Index/register
INFO: [ app_begin ] --START--
INFO: ReadHtmlCache Behavior ::run [ RunTime:0.000303s ]
INFO: [ app_begin ] --END-- [ RunTime:0.000342s ]

[ 2014-12-02T14:04:51+08:00 ] 0.0.0.0 /php/index.php/Contest/Index/register
INFO: [ app_begin ] --START--
INFO: ReadHtmlCache Behavior ::run [ RunTime:0.000285s ]
INFO: [ app_begin ] --END-- [ RunTime:0.000321s ]
NOTIC: [8] Use of undefined constant id - assumed 'id' F:\www\php\php\Lib\Action\Contest\IndexAction.class.php 第 184 行.

[ 2014-12-02T14:05:26+08:00 ] 0.0.0.0 /php/index.php/Contest/Index/register
INFO: [ app_begin ] --START--
INFO: ReadHtmlCache Behavior ::run [ RunTime:0.000333s ]
INFO: [ app_begin ] --END-- [ RunTime:0.000378s ]
ERR: Action:ajaxRuturn您所请求的方法不存在！

[ 2014-12-02T14:06:37+08:00 ] 0.0.0.0 /php/index.php/Contest/Index/register
INFO: [ app_begin ] --START--
INFO: ReadHtmlCache Behavior ::run [ RunTime:0.000272s ]
INFO: [ app_begin ] --END-- [ RunTime:0.000307s ]
ERR: Action:ajaxRuturn您所请求的方法不存在！

[ 2014-12-02T14:16:55+08:00 ] 0.0.0.0 /php/index.php/Contest/Index/register
INFO: [ app_begin ] --START--
INFO: ReadHtmlCache Behavior ::run [ RunTime:0.000301s ]
INFO: [ app_begin ] --END-- [ RunTime:0.000337s ]
ERR: Action:ajaxRuturn您所请求的方法不存在！

[ 2014-12-02T14:18:53+08:00 ] 0.0.0.0 /php/index.php/Contest/Index/register
INFO: [ app_begin ] --START--
INFO: ReadHtmlCache Behavior ::run [ RunTime:0.000309s ]
INFO: [ app_begin ] --END-- [ RunTime:0.000344s ]
NOTIC: [8] Use of undefined constant id - assumed 'id' F:\www\php\php\Lib\Action\Contest\IndexAction.class.php 第 188 行.

[ 2014-12-02T14:19:45+08:00 ] 0.0.0.0 /php/index.php/Contest/Index/register
INFO: [ app_begin ] --START--
INFO: ReadHtmlCache Behavior ::run [ RunTime:0.000288s ]
INFO: [ app_begin ] --END-- [ RunTime:0.000322s ]
NOTIC: [8] Use of undefined constant id - assumed 'id' F:\www\php\php\Lib\Action\Contest\IndexAction.class.php 第 187 行.

[ 2014-12-02T14:20:16+08:00 ] 0.0.0.0 /php/index.php/Contest/Index/register
INFO: [ app_begin ] --START--
INFO: ReadHtmlCache Behavior ::run [ RunTime:0.000267s ]
INFO: [ app_begin ] --END-- [ RunTime:0.000298s ]
NOTIC: [8] Use of undefined constant id - assumed 'id' F:\www\php\php\Lib\Action\Contest\IndexAction.class.php 第 187 行.

[ 2014-12-02T14:53:07+08:00 ] 0.0.0.0 /php/index.php/Contest/Index/register
INFO: [ app_begin ] --START--
INFO: ReadHtmlCache Behavior ::run [ RunTime:0.000352s ]
INFO: [ app_begin ] --END-- [ RunTime:0.000387s ]
NOTIC: [8] Use of undefined constant id - assumed 'id' F:\www\php\php\Lib\Action\Contest\IndexAction.class.php 第 184 行.

[ 2014-12-02T16:13:56+08:00 ] 0.0.0.0 /php/index.php/Contest/Index/register
INFO: [ app_begin ] --START--
INFO: ReadHtmlCache Behavior ::run [ RunTime:0.000272s ]
INFO: [ app_begin ] --END-- [ RunTime:0.000306s ]
NOTIC: [8] Use of undefined constant id - assumed 'id' F:\www\php\php\Lib\Action\Contest\IndexAction.class.php 第 184 行.

[ 2014-12-02T19:57:22+08:00 ] 0.0.0.0 /php/index.php/Contest/Index/register
INFO: [ app_begin ] --START--
INFO: ReadHtmlCache Behavior ::run [ RunTime:0.000340s ]
INFO: [ app_begin ] --END-- [ RunTime:0.000378s ]
NOTIC: [8] Use of undefined constant id - assumed 'id' F:\www\php\php\Lib\Action\Contest\IndexAction.class.php 第 184 行.

