[ 2014-12-18T22:50:29+08:00 ] 0.0.0.0 /php/index.php/Contest/Index/rankdata?cid=6
INFO: [ app_begin ] --START--
INFO: ReadHtmlCache Behavior ::run [ RunTime:0.001085s ]
INFO: [ app_begin ] --END-- [ RunTime:0.001219s ]
NOTIC: [8192] mysql_connect(): The mysql extension is deprecated and will be removed in the future: use mysqli or PDO instead F:\www\php\ThinkPHP\Lib\Driver\Db\DbMysql.class.php 第 55 行.
SQL: select uid as pa_id,pid,result,create_time from solution where cid=6 order by pa_id,pid,create_time; [ RunTime:0.000532s ]
SQL: select create_time,type,private from contest where cid=6 [ RunTime:0.000269s ]
SQL: select pid from contest_problem where cid=6 order by newid; [ RunTime:0.000285s ]
SQL: select distinct user.uid as pa_id,user.username as pa_name from solution,user where solution.uid=user.uid and cid=6 order by pa_id [ RunTime:0.000646s ]

[ 2014-12-18T22:50:32+08:00 ] 0.0.0.0 /php/index.php/Contest/Index/rankdata?cid=6
INFO: [ app_begin ] --START--
INFO: ReadHtmlCache Behavior ::run [ RunTime:0.000417s ]
INFO: [ app_begin ] --END-- [ RunTime:0.000481s ]
NOTIC: [8192] mysql_connect(): The mysql extension is deprecated and will be removed in the future: use mysqli or PDO instead F:\www\php\ThinkPHP\Lib\Driver\Db\DbMysql.class.php 第 55 行.
SQL: select uid as pa_id,pid,result,create_time from solution where cid=6 order by pa_id,pid,create_time; [ RunTime:0.000557s ]
SQL: select create_time,type,private from contest where cid=6 [ RunTime:0.000313s ]
SQL: select pid from contest_problem where cid=6 order by newid; [ RunTime:0.000366s ]
SQL: select distinct user.uid as pa_id,user.username as pa_name from solution,user where solution.uid=user.uid and cid=6 order by pa_id [ RunTime:0.000697s ]

[ 2014-12-18T22:50:36+08:00 ] 0.0.0.0 /php/index.php/Contest/Index/rankdata?cid=6
INFO: [ app_begin ] --START--
INFO: ReadHtmlCache Behavior ::run [ RunTime:0.000596s ]
INFO: [ app_begin ] --END-- [ RunTime:0.000802s ]
NOTIC: [8192] mysql_connect(): The mysql extension is deprecated and will be removed in the future: use mysqli or PDO instead F:\www\php\ThinkPHP\Lib\Driver\Db\DbMysql.class.php 第 55 行.
SQL: select uid as pa_id,pid,result,create_time from solution where cid=6 order by pa_id,pid,create_time; [ RunTime:0.001229s ]
SQL: select create_time,type,private from contest where cid=6 [ RunTime:0.000832s ]
SQL: select pid from contest_problem where cid=6 order by newid; [ RunTime:0.001999s ]
SQL: select distinct user.uid as pa_id,user.username as pa_name from solution,user where solution.uid=user.uid and cid=6 order by pa_id [ RunTime:0.001057s ]

[ 2014-12-18T22:50:39+08:00 ] 0.0.0.0 /php/index.php/Contest/Index/rankdata?cid=6
INFO: [ app_begin ] --START--
INFO: ReadHtmlCache Behavior ::run [ RunTime:0.000813s ]
INFO: [ app_begin ] --END-- [ RunTime:0.001029s ]
NOTIC: [8192] mysql_connect(): The mysql extension is deprecated and will be removed in the future: use mysqli or PDO instead F:\www\php\ThinkPHP\Lib\Driver\Db\DbMysql.class.php 第 55 行.
SQL: select uid as pa_id,pid,result,create_time from solution where cid=6 order by pa_id,pid,create_time; [ RunTime:0.000650s ]
SQL: select create_time,type,private from contest where cid=6 [ RunTime:0.000308s ]
SQL: select pid from contest_problem where cid=6 order by newid; [ RunTime:0.000402s ]
SQL: select distinct user.uid as pa_id,user.username as pa_name from solution,user where solution.uid=user.uid and cid=6 order by pa_id [ RunTime:0.000950s ]

[ 2014-12-18T22:50:43+08:00 ] 0.0.0.0 /php/index.php/Contest/Index/rankdata?cid=6
INFO: [ app_begin ] --START--
INFO: ReadHtmlCache Behavior ::run [ RunTime:0.000730s ]
INFO: [ app_begin ] --END-- [ RunTime:0.000849s ]
NOTIC: [8192] mysql_connect(): The mysql extension is deprecated and will be removed in the future: use mysqli or PDO instead F:\www\php\ThinkPHP\Lib\Driver\Db\DbMysql.class.php 第 55 行.
SQL: select uid as pa_id,pid,result,create_time from solution where cid=6 order by pa_id,pid,create_time; [ RunTime:0.000597s ]
SQL: select create_time,type,private from contest where cid=6 [ RunTime:0.002401s ]
SQL: select pid from contest_problem where cid=6 order by newid; [ RunTime:0.000663s ]
SQL: select distinct user.uid as pa_id,user.username as pa_name from solution,user where solution.uid=user.uid and cid=6 order by pa_id [ RunTime:0.001582s ]

[ 2014-12-18T22:50:46+08:00 ] 0.0.0.0 /php/index.php/Contest/Index/rankdata?cid=6
INFO: [ app_begin ] --START--
INFO: ReadHtmlCache Behavior ::run [ RunTime:0.001227s ]
INFO: [ app_begin ] --END-- [ RunTime:0.001651s ]
NOTIC: [8192] mysql_connect(): The mysql extension is deprecated and will be removed in the future: use mysqli or PDO instead F:\www\php\ThinkPHP\Lib\Driver\Db\DbMysql.class.php 第 55 行.
SQL: select uid as pa_id,pid,result,create_time from solution where cid=6 order by pa_id,pid,create_time; [ RunTime:0.002763s ]
SQL: select create_time,type,private from contest where cid=6 [ RunTime:0.000754s ]
SQL: select pid from contest_problem where cid=6 order by newid; [ RunTime:0.000888s ]
SQL: select distinct user.uid as pa_id,user.username as pa_name from solution,user where solution.uid=user.uid and cid=6 order by pa_id [ RunTime:0.002854s ]

[ 2014-12-18T22:50:49+08:00 ] 0.0.0.0 /php/index.php/Contest/Index/rankdata?cid=6
INFO: [ app_begin ] --START--
INFO: ReadHtmlCache Behavior ::run [ RunTime:0.000692s ]
INFO: [ app_begin ] --END-- [ RunTime:0.000798s ]
NOTIC: [8192] mysql_connect(): The mysql extension is deprecated and will be removed in the future: use mysqli or PDO instead F:\www\php\ThinkPHP\Lib\Driver\Db\DbMysql.class.php 第 55 行.
SQL: select uid as pa_id,pid,result,create_time from solution where cid=6 order by pa_id,pid,create_time; [ RunTime:0.000613s ]
SQL: select create_time,type,private from contest where cid=6 [ RunTime:0.000368s ]
SQL: select pid from contest_problem where cid=6 order by newid; [ RunTime:0.000394s ]
SQL: select distinct user.uid as pa_id,user.username as pa_name from solution,user where solution.uid=user.uid and cid=6 order by pa_id [ RunTime:0.001167s ]

[ 2014-12-18T22:50:52+08:00 ] 0.0.0.0 /php/index.php/Contest/Index/rankdata?cid=6
INFO: [ app_begin ] --START--
INFO: ReadHtmlCache Behavior ::run [ RunTime:0.003105s ]
INFO: [ app_begin ] --END-- [ RunTime:0.003301s ]
NOTIC: [8192] mysql_connect(): The mysql extension is deprecated and will be removed in the future: use mysqli or PDO instead F:\www\php\ThinkPHP\Lib\Driver\Db\DbMysql.class.php 第 55 行.
SQL: select uid as pa_id,pid,result,create_time from solution where cid=6 order by pa_id,pid,create_time; [ RunTime:0.000647s ]
SQL: select create_time,type,private from contest where cid=6 [ RunTime:0.000311s ]
SQL: select pid from contest_problem where cid=6 order by newid; [ RunTime:0.000664s ]
SQL: select distinct user.uid as pa_id,user.username as pa_name from solution,user where solution.uid=user.uid and cid=6 order by pa_id [ RunTime:0.002473s ]

[ 2014-12-18T22:50:55+08:00 ] 0.0.0.0 /php/index.php/Contest/Index/rankdata?cid=6
INFO: [ app_begin ] --START--
INFO: ReadHtmlCache Behavior ::run [ RunTime:0.001679s ]
INFO: [ app_begin ] --END-- [ RunTime:0.001974s ]
NOTIC: [8192] mysql_connect(): The mysql extension is deprecated and will be removed in the future: use mysqli or PDO instead F:\www\php\ThinkPHP\Lib\Driver\Db\DbMysql.class.php 第 55 行.
SQL: select uid as pa_id,pid,result,create_time from solution where cid=6 order by pa_id,pid,create_time; [ RunTime:0.003637s ]
SQL: select create_time,type,private from contest where cid=6 [ RunTime:0.000724s ]
SQL: select pid from contest_problem where cid=6 order by newid; [ RunTime:0.001040s ]
SQL: select distinct user.uid as pa_id,user.username as pa_name from solution,user where solution.uid=user.uid and cid=6 order by pa_id [ RunTime:0.001417s ]

[ 2014-12-18T22:50:58+08:00 ] 0.0.0.0 /php/index.php/Contest/Index/rankdata?cid=6
INFO: [ app_begin ] --START--
INFO: ReadHtmlCache Behavior ::run [ RunTime:0.001158s ]
INFO: [ app_begin ] --END-- [ RunTime:0.001497s ]
NOTIC: [8192] mysql_connect(): The mysql extension is deprecated and will be removed in the future: use mysqli or PDO instead F:\www\php\ThinkPHP\Lib\Driver\Db\DbMysql.class.php 第 55 行.
SQL: select uid as pa_id,pid,result,create_time from solution where cid=6 order by pa_id,pid,create_time; [ RunTime:0.001019s ]
SQL: select create_time,type,private from contest where cid=6 [ RunTime:0.001413s ]
SQL: select pid from contest_problem where cid=6 order by newid; [ RunTime:0.000854s ]
SQL: select distinct user.uid as pa_id,user.username as pa_name from solution,user where solution.uid=user.uid and cid=6 order by pa_id [ RunTime:0.001857s ]

[ 2014-12-18T22:51:01+08:00 ] 0.0.0.0 /php/index.php/Contest/Index/rankdata?cid=6
INFO: [ app_begin ] --START--
INFO: ReadHtmlCache Behavior ::run [ RunTime:0.000575s ]
INFO: [ app_begin ] --END-- [ RunTime:0.000672s ]
NOTIC: [8192] mysql_connect(): The mysql extension is deprecated and will be removed in the future: use mysqli or PDO instead F:\www\php\ThinkPHP\Lib\Driver\Db\DbMysql.class.php 第 55 行.
SQL: select uid as pa_id,pid,result,create_time from solution where cid=6 order by pa_id,pid,create_time; [ RunTime:0.000847s ]
SQL: select create_time,type,private from contest where cid=6 [ RunTime:0.001945s ]
SQL: select pid from contest_problem where cid=6 order by newid; [ RunTime:0.001650s ]
SQL: select distinct user.uid as pa_id,user.username as pa_name from solution,user where solution.uid=user.uid and cid=6 order by pa_id [ RunTime:0.001165s ]

[ 2014-12-18T22:51:04+08:00 ] 0.0.0.0 /php/index.php/Contest/Index/rankdata?cid=6
INFO: [ app_begin ] --START--
INFO: ReadHtmlCache Behavior ::run [ RunTime:0.000653s ]
INFO: [ app_begin ] --END-- [ RunTime:0.000758s ]
NOTIC: [8192] mysql_connect(): The mysql extension is deprecated and will be removed in the future: use mysqli or PDO instead F:\www\php\ThinkPHP\Lib\Driver\Db\DbMysql.class.php 第 55 行.
SQL: select uid as pa_id,pid,result,create_time from solution where cid=6 order by pa_id,pid,create_time; [ RunTime:0.000530s ]
SQL: select create_time,type,private from contest where cid=6 [ RunTime:0.000625s ]
SQL: select pid from contest_problem where cid=6 order by newid; [ RunTime:0.000463s ]
SQL: select distinct user.uid as pa_id,user.username as pa_name from solution,user where solution.uid=user.uid and cid=6 order by pa_id [ RunTime:0.002959s ]

[ 2014-12-18T22:51:07+08:00 ] 0.0.0.0 /php/index.php/Contest/Index/rankdata?cid=6
INFO: [ app_begin ] --START--
INFO: ReadHtmlCache Behavior ::run [ RunTime:0.001531s ]
INFO: [ app_begin ] --END-- [ RunTime:0.001797s ]
NOTIC: [8192] mysql_connect(): The mysql extension is deprecated and will be removed in the future: use mysqli or PDO instead F:\www\php\ThinkPHP\Lib\Driver\Db\DbMysql.class.php 第 55 行.
SQL: select uid as pa_id,pid,result,create_time from solution where cid=6 order by pa_id,pid,create_time; [ RunTime:0.000526s ]
SQL: select create_time,type,private from contest where cid=6 [ RunTime:0.001316s ]
SQL: select pid from contest_problem where cid=6 order by newid; [ RunTime:0.001651s ]
SQL: select distinct user.uid as pa_id,user.username as pa_name from solution,user where solution.uid=user.uid and cid=6 order by pa_id [ RunTime:0.000895s ]

[ 2014-12-18T22:51:10+08:00 ] 0.0.0.0 /php/index.php/Contest/Index/rankdata?cid=6
INFO: [ app_begin ] --START--
INFO: ReadHtmlCache Behavior ::run [ RunTime:0.001921s ]
INFO: [ app_begin ] --END-- [ RunTime:0.002270s ]
NOTIC: [8192] mysql_connect(): The mysql extension is deprecated and will be removed in the future: use mysqli or PDO instead F:\www\php\ThinkPHP\Lib\Driver\Db\DbMysql.class.php 第 55 行.
SQL: select uid as pa_id,pid,result,create_time from solution where cid=6 order by pa_id,pid,create_time; [ RunTime:0.002599s ]
SQL: select create_time,type,private from contest where cid=6 [ RunTime:0.000411s ]
SQL: select pid from contest_problem where cid=6 order by newid; [ RunTime:0.000371s ]
SQL: select distinct user.uid as pa_id,user.username as pa_name from solution,user where solution.uid=user.uid and cid=6 order by pa_id [ RunTime:0.001363s ]

[ 2014-12-18T22:51:13+08:00 ] 0.0.0.0 /php/index.php/Contest/Index/rankdata?cid=6
INFO: [ app_begin ] --START--
INFO: ReadHtmlCache Behavior ::run [ RunTime:0.001324s ]
INFO: [ app_begin ] --END-- [ RunTime:0.001561s ]
NOTIC: [8192] mysql_connect(): The mysql extension is deprecated and will be removed in the future: use mysqli or PDO instead F:\www\php\ThinkPHP\Lib\Driver\Db\DbMysql.class.php 第 55 行.
SQL: select uid as pa_id,pid,result,create_time from solution where cid=6 order by pa_id,pid,create_time; [ RunTime:0.000883s ]
SQL: select create_time,type,private from contest where cid=6 [ RunTime:0.000548s ]
SQL: select pid from contest_problem where cid=6 order by newid; [ RunTime:0.000817s ]
SQL: select distinct user.uid as pa_id,user.username as pa_name from solution,user where solution.uid=user.uid and cid=6 order by pa_id [ RunTime:0.002457s ]

[ 2014-12-18T22:51:16+08:00 ] 0.0.0.0 /php/index.php/Contest/Index/rankdata?cid=6
INFO: [ app_begin ] --START--
INFO: ReadHtmlCache Behavior ::run [ RunTime:0.001778s ]
INFO: [ app_begin ] --END-- [ RunTime:0.001927s ]
NOTIC: [8192] mysql_connect(): The mysql extension is deprecated and will be removed in the future: use mysqli or PDO instead F:\www\php\ThinkPHP\Lib\Driver\Db\DbMysql.class.php 第 55 行.
SQL: select uid as pa_id,pid,result,create_time from solution where cid=6 order by pa_id,pid,create_time; [ RunTime:0.001137s ]
SQL: select create_time,type,private from contest where cid=6 [ RunTime:0.001622s ]
SQL: select pid from contest_problem where cid=6 order by newid; [ RunTime:0.002383s ]
SQL: select distinct user.uid as pa_id,user.username as pa_name from solution,user where solution.uid=user.uid and cid=6 order by pa_id [ RunTime:0.000957s ]

[ 2014-12-18T22:51:19+08:00 ] 0.0.0.0 /php/index.php/Contest/Index/rankdata?cid=6
INFO: [ app_begin ] --START--
INFO: ReadHtmlCache Behavior ::run [ RunTime:0.000668s ]
INFO: [ app_begin ] --END-- [ RunTime:0.000821s ]
NOTIC: [8192] mysql_connect(): The mysql extension is deprecated and will be removed in the future: use mysqli or PDO instead F:\www\php\ThinkPHP\Lib\Driver\Db\DbMysql.class.php 第 55 行.
SQL: select uid as pa_id,pid,result,create_time from solution where cid=6 order by pa_id,pid,create_time; [ RunTime:0.001138s ]
SQL: select create_time,type,private from contest where cid=6 [ RunTime:0.000321s ]
SQL: select pid from contest_problem where cid=6 order by newid; [ RunTime:0.000279s ]
SQL: select distinct user.uid as pa_id,user.username as pa_name from solution,user where solution.uid=user.uid and cid=6 order by pa_id [ RunTime:0.001009s ]

[ 2014-12-18T22:51:22+08:00 ] 0.0.0.0 /php/index.php/Contest/Index/rankdata?cid=6
INFO: [ app_begin ] --START--
INFO: ReadHtmlCache Behavior ::run [ RunTime:0.000785s ]
INFO: [ app_begin ] --END-- [ RunTime:0.001030s ]
NOTIC: [8192] mysql_connect(): The mysql extension is deprecated and will be removed in the future: use mysqli or PDO instead F:\www\php\ThinkPHP\Lib\Driver\Db\DbMysql.class.php 第 55 行.
SQL: select uid as pa_id,pid,result,create_time from solution where cid=6 order by pa_id,pid,create_time; [ RunTime:0.002025s ]
SQL: select create_time,type,private from contest where cid=6 [ RunTime:0.001895s ]
SQL: select pid from contest_problem where cid=6 order by newid; [ RunTime:0.001296s ]
SQL: select distinct user.uid as pa_id,user.username as pa_name from solution,user where solution.uid=user.uid and cid=6 order by pa_id [ RunTime:0.000873s ]

[ 2014-12-18T22:51:25+08:00 ] 0.0.0.0 /php/index.php/Contest/Index/rankdata?cid=6
INFO: [ app_begin ] --START--
INFO: ReadHtmlCache Behavior ::run [ RunTime:0.000638s ]
INFO: [ app_begin ] --END-- [ RunTime:0.000755s ]
NOTIC: [8192] mysql_connect(): The mysql extension is deprecated and will be removed in the future: use mysqli or PDO instead F:\www\php\ThinkPHP\Lib\Driver\Db\DbMysql.class.php 第 55 行.
SQL: select uid as pa_id,pid,result,create_time from solution where cid=6 order by pa_id,pid,create_time; [ RunTime:0.001652s ]
SQL: select create_time,type,private from contest where cid=6 [ RunTime:0.000615s ]
SQL: select pid from contest_problem where cid=6 order by newid; [ RunTime:0.001223s ]
SQL: select distinct user.uid as pa_id,user.username as pa_name from solution,user where solution.uid=user.uid and cid=6 order by pa_id [ RunTime:0.001423s ]

[ 2014-12-18T22:51:28+08:00 ] 0.0.0.0 /php/index.php/Contest/Index/rankdata?cid=6
INFO: [ app_begin ] --START--
INFO: ReadHtmlCache Behavior ::run [ RunTime:0.001209s ]
INFO: [ app_begin ] --END-- [ RunTime:0.001527s ]
NOTIC: [8192] mysql_connect(): The mysql extension is deprecated and will be removed in the future: use mysqli or PDO instead F:\www\php\ThinkPHP\Lib\Driver\Db\DbMysql.class.php 第 55 行.
SQL: select uid as pa_id,pid,result,create_time from solution where cid=6 order by pa_id,pid,create_time; [ RunTime:0.002058s ]
SQL: select create_time,type,private from contest where cid=6 [ RunTime:0.000845s ]
SQL: select pid from contest_problem where cid=6 order by newid; [ RunTime:0.000737s ]
SQL: select distinct user.uid as pa_id,user.username as pa_name from solution,user where solution.uid=user.uid and cid=6 order by pa_id [ RunTime:0.000819s ]

[ 2014-12-18T22:51:31+08:00 ] 0.0.0.0 /php/index.php/Contest/Index/rankdata?cid=6
INFO: [ app_begin ] --START--
INFO: ReadHtmlCache Behavior ::run [ RunTime:0.001298s ]
INFO: [ app_begin ] --END-- [ RunTime:0.001474s ]
NOTIC: [8192] mysql_connect(): The mysql extension is deprecated and will be removed in the future: use mysqli or PDO instead F:\www\php\ThinkPHP\Lib\Driver\Db\DbMysql.class.php 第 55 行.
SQL: select uid as pa_id,pid,result,create_time from solution where cid=6 order by pa_id,pid,create_time; [ RunTime:0.000897s ]
SQL: select create_time,type,private from contest where cid=6 [ RunTime:0.000389s ]
SQL: select pid from contest_problem where cid=6 order by newid; [ RunTime:0.000516s ]
SQL: select distinct user.uid as pa_id,user.username as pa_name from solution,user where solution.uid=user.uid and cid=6 order by pa_id [ RunTime:0.002574s ]

[ 2014-12-18T22:51:34+08:00 ] 0.0.0.0 /php/index.php/Contest/Index/rankdata?cid=6
INFO: [ app_begin ] --START--
INFO: ReadHtmlCache Behavior ::run [ RunTime:0.000927s ]
INFO: [ app_begin ] --END-- [ RunTime:0.001093s ]
NOTIC: [8192] mysql_connect(): The mysql extension is deprecated and will be removed in the future: use mysqli or PDO instead F:\www\php\ThinkPHP\Lib\Driver\Db\DbMysql.class.php 第 55 行.
SQL: select uid as pa_id,pid,result,create_time from solution where cid=6 order by pa_id,pid,create_time; [ RunTime:0.000534s ]
SQL: select create_time,type,private from contest where cid=6 [ RunTime:0.000327s ]
SQL: select pid from contest_problem where cid=6 order by newid; [ RunTime:0.000377s ]
SQL: select distinct user.uid as pa_id,user.username as pa_name from solution,user where solution.uid=user.uid and cid=6 order by pa_id [ RunTime:0.000714s ]

[ 2014-12-18T22:51:37+08:00 ] 0.0.0.0 /php/index.php/Contest/Index/rankdata?cid=6
INFO: [ app_begin ] --START--
INFO: ReadHtmlCache Behavior ::run [ RunTime:0.000733s ]
INFO: [ app_begin ] --END-- [ RunTime:0.000895s ]
NOTIC: [8192] mysql_connect(): The mysql extension is deprecated and will be removed in the future: use mysqli or PDO instead F:\www\php\ThinkPHP\Lib\Driver\Db\DbMysql.class.php 第 55 行.
SQL: select uid as pa_id,pid,result,create_time from solution where cid=6 order by pa_id,pid,create_time; [ RunTime:0.001461s ]
SQL: select create_time,type,private from contest where cid=6 [ RunTime:0.000418s ]
SQL: select pid from contest_problem where cid=6 order by newid; [ RunTime:0.000369s ]
SQL: select distinct user.uid as pa_id,user.username as pa_name from solution,user where solution.uid=user.uid and cid=6 order by pa_id [ RunTime:0.000644s ]

[ 2014-12-18T22:51:40+08:00 ] 0.0.0.0 /php/index.php/Contest/Index/rankdata?cid=6
INFO: [ app_begin ] --START--
INFO: ReadHtmlCache Behavior ::run [ RunTime:0.000907s ]
INFO: [ app_begin ] --END-- [ RunTime:0.001056s ]
NOTIC: [8192] mysql_connect(): The mysql extension is deprecated and will be removed in the future: use mysqli or PDO instead F:\www\php\ThinkPHP\Lib\Driver\Db\DbMysql.class.php 第 55 行.
SQL: select uid as pa_id,pid,result,create_time from solution where cid=6 order by pa_id,pid,create_time; [ RunTime:0.000827s ]
SQL: select create_time,type,private from contest where cid=6 [ RunTime:0.000371s ]
SQL: select pid from contest_problem where cid=6 order by newid; [ RunTime:0.000365s ]
SQL: select distinct user.uid as pa_id,user.username as pa_name from solution,user where solution.uid=user.uid and cid=6 order by pa_id [ RunTime:0.000648s ]

[ 2014-12-18T22:51:44+08:00 ] 0.0.0.0 /php/index.php/Contest/Index/rankdata?cid=6
INFO: [ app_begin ] --START--
INFO: ReadHtmlCache Behavior ::run [ RunTime:0.002442s ]
INFO: [ app_begin ] --END-- [ RunTime:0.003198s ]
NOTIC: [8192] mysql_connect(): The mysql extension is deprecated and will be removed in the future: use mysqli or PDO instead F:\www\php\ThinkPHP\Lib\Driver\Db\DbMysql.class.php 第 55 行.
SQL: select uid as pa_id,pid,result,create_time from solution where cid=6 order by pa_id,pid,create_time; [ RunTime:0.002735s ]
SQL: select create_time,type,private from contest where cid=6 [ RunTime:0.000640s ]
SQL: select pid from contest_problem where cid=6 order by newid; [ RunTime:0.000486s ]
SQL: select distinct user.uid as pa_id,user.username as pa_name from solution,user where solution.uid=user.uid and cid=6 order by pa_id [ RunTime:0.000780s ]

[ 2014-12-18T22:51:47+08:00 ] 0.0.0.0 /php/index.php/Contest/Index/rankdata?cid=6
INFO: [ app_begin ] --START--
INFO: ReadHtmlCache Behavior ::run [ RunTime:0.000637s ]
INFO: [ app_begin ] --END-- [ RunTime:0.000737s ]
NOTIC: [8192] mysql_connect(): The mysql extension is deprecated and will be removed in the future: use mysqli or PDO instead F:\www\php\ThinkPHP\Lib\Driver\Db\DbMysql.class.php 第 55 行.
SQL: select uid as pa_id,pid,result,create_time from solution where cid=6 order by pa_id,pid,create_time; [ RunTime:0.001441s ]
SQL: select create_time,type,private from contest where cid=6 [ RunTime:0.001072s ]
SQL: select pid from contest_problem where cid=6 order by newid; [ RunTime:0.000894s ]
SQL: select distinct user.uid as pa_id,user.username as pa_name from solution,user where solution.uid=user.uid and cid=6 order by pa_id [ RunTime:0.002786s ]

[ 2014-12-18T22:51:50+08:00 ] 0.0.0.0 /php/index.php/Contest/Index/rankdata?cid=6
INFO: [ app_begin ] --START--
INFO: ReadHtmlCache Behavior ::run [ RunTime:0.001917s ]
INFO: [ app_begin ] --END-- [ RunTime:0.002223s ]
NOTIC: [8192] mysql_connect(): The mysql extension is deprecated and will be removed in the future: use mysqli or PDO instead F:\www\php\ThinkPHP\Lib\Driver\Db\DbMysql.class.php 第 55 行.
SQL: select uid as pa_id,pid,result,create_time from solution where cid=6 order by pa_id,pid,create_time; [ RunTime:0.000794s ]
SQL: select create_time,type,private from contest where cid=6 [ RunTime:0.000999s ]
SQL: select pid from contest_problem where cid=6 order by newid; [ RunTime:0.000807s ]
SQL: select distinct user.uid as pa_id,user.username as pa_name from solution,user where solution.uid=user.uid and cid=6 order by pa_id [ RunTime:0.003447s ]

[ 2014-12-18T22:51:53+08:00 ] 0.0.0.0 /php/index.php/Contest/Index/rankdata?cid=6
INFO: [ app_begin ] --START--
INFO: ReadHtmlCache Behavior ::run [ RunTime:0.000712s ]
INFO: [ app_begin ] --END-- [ RunTime:0.000850s ]
NOTIC: [8192] mysql_connect(): The mysql extension is deprecated and will be removed in the future: use mysqli or PDO instead F:\www\php\ThinkPHP\Lib\Driver\Db\DbMysql.class.php 第 55 行.
SQL: select uid as pa_id,pid,result,create_time from solution where cid=6 order by pa_id,pid,create_time; [ RunTime:0.000619s ]
SQL: select create_time,type,private from contest where cid=6 [ RunTime:0.000367s ]
SQL: select pid from contest_problem where cid=6 order by newid; [ RunTime:0.000418s ]
SQL: select distinct user.uid as pa_id,user.username as pa_name from solution,user where solution.uid=user.uid and cid=6 order by pa_id [ RunTime:0.001895s ]

[ 2014-12-18T22:51:56+08:00 ] 0.0.0.0 /php/index.php/Contest/Index/rankdata?cid=6
INFO: [ app_begin ] --START--
INFO: ReadHtmlCache Behavior ::run [ RunTime:0.000950s ]
INFO: [ app_begin ] --END-- [ RunTime:0.001226s ]
NOTIC: [8192] mysql_connect(): The mysql extension is deprecated and will be removed in the future: use mysqli or PDO instead F:\www\php\ThinkPHP\Lib\Driver\Db\DbMysql.class.php 第 55 行.
SQL: select uid as pa_id,pid,result,create_time from solution where cid=6 order by pa_id,pid,create_time; [ RunTime:0.000534s ]
SQL: select create_time,type,private from contest where cid=6 [ RunTime:0.000310s ]
SQL: select pid from contest_problem where cid=6 order by newid; [ RunTime:0.000345s ]
SQL: select distinct user.uid as pa_id,user.username as pa_name from solution,user where solution.uid=user.uid and cid=6 order by pa_id [ RunTime:0.000672s ]

[ 2014-12-18T22:51:59+08:00 ] 0.0.0.0 /php/index.php/Contest/Index/rankdata?cid=6
INFO: [ app_begin ] --START--
INFO: ReadHtmlCache Behavior ::run [ RunTime:0.001385s ]
INFO: [ app_begin ] --END-- [ RunTime:0.001888s ]
NOTIC: [8192] mysql_connect(): The mysql extension is deprecated and will be removed in the future: use mysqli or PDO instead F:\www\php\ThinkPHP\Lib\Driver\Db\DbMysql.class.php 第 55 行.
SQL: select uid as pa_id,pid,result,create_time from solution where cid=6 order by pa_id,pid,create_time; [ RunTime:0.000552s ]
SQL: select create_time,type,private from contest where cid=6 [ RunTime:0.000324s ]
SQL: select pid from contest_problem where cid=6 order by newid; [ RunTime:0.000381s ]
SQL: select distinct user.uid as pa_id,user.username as pa_name from solution,user where solution.uid=user.uid and cid=6 order by pa_id [ RunTime:0.001773s ]

[ 2014-12-18T22:52:02+08:00 ] 0.0.0.0 /php/index.php/Contest/Index/rankdata?cid=6
INFO: [ app_begin ] --START--
INFO: ReadHtmlCache Behavior ::run [ RunTime:0.001210s ]
INFO: [ app_begin ] --END-- [ RunTime:0.001399s ]
NOTIC: [8192] mysql_connect(): The mysql extension is deprecated and will be removed in the future: use mysqli or PDO instead F:\www\php\ThinkPHP\Lib\Driver\Db\DbMysql.class.php 第 55 行.
SQL: select uid as pa_id,pid,result,create_time from solution where cid=6 order by pa_id,pid,create_time; [ RunTime:0.000963s ]
SQL: select create_time,type,private from contest where cid=6 [ RunTime:0.000531s ]
SQL: select pid from contest_problem where cid=6 order by newid; [ RunTime:0.002294s ]
SQL: select distinct user.uid as pa_id,user.username as pa_name from solution,user where solution.uid=user.uid and cid=6 order by pa_id [ RunTime:0.002598s ]

[ 2014-12-18T22:52:05+08:00 ] 0.0.0.0 /php/index.php/Contest/Index/rankdata?cid=6
INFO: [ app_begin ] --START--
INFO: ReadHtmlCache Behavior ::run [ RunTime:0.001916s ]
INFO: [ app_begin ] --END-- [ RunTime:0.002338s ]
NOTIC: [8192] mysql_connect(): The mysql extension is deprecated and will be removed in the future: use mysqli or PDO instead F:\www\php\ThinkPHP\Lib\Driver\Db\DbMysql.class.php 第 55 行.
SQL: select uid as pa_id,pid,result,create_time from solution where cid=6 order by pa_id,pid,create_time; [ RunTime:0.001113s ]
SQL: select create_time,type,private from contest where cid=6 [ RunTime:0.000415s ]
SQL: select pid from contest_problem where cid=6 order by newid; [ RunTime:0.000453s ]
SQL: select distinct user.uid as pa_id,user.username as pa_name from solution,user where solution.uid=user.uid and cid=6 order by pa_id [ RunTime:0.002691s ]

[ 2014-12-18T22:52:08+08:00 ] 0.0.0.0 /php/index.php/Contest/Index/rankdata?cid=6
INFO: [ app_begin ] --START--
INFO: ReadHtmlCache Behavior ::run [ RunTime:0.001876s ]
INFO: [ app_begin ] --END-- [ RunTime:0.002170s ]
NOTIC: [8192] mysql_connect(): The mysql extension is deprecated and will be removed in the future: use mysqli or PDO instead F:\www\php\ThinkPHP\Lib\Driver\Db\DbMysql.class.php 第 55 行.
SQL: select uid as pa_id,pid,result,create_time from solution where cid=6 order by pa_id,pid,create_time; [ RunTime:0.000450s ]
SQL: select create_time,type,private from contest where cid=6 [ RunTime:0.000297s ]
SQL: select pid from contest_problem where cid=6 order by newid; [ RunTime:0.000868s ]
SQL: select distinct user.uid as pa_id,user.username as pa_name from solution,user where solution.uid=user.uid and cid=6 order by pa_id [ RunTime:0.001753s ]

[ 2014-12-18T22:52:12+08:00 ] 0.0.0.0 /php/index.php/Contest/Index/rankdata?cid=6
INFO: [ app_begin ] --START--
INFO: ReadHtmlCache Behavior ::run [ RunTime:0.000876s ]
INFO: [ app_begin ] --END-- [ RunTime:0.001057s ]
NOTIC: [8192] mysql_connect(): The mysql extension is deprecated and will be removed in the future: use mysqli or PDO instead F:\www\php\ThinkPHP\Lib\Driver\Db\DbMysql.class.php 第 55 行.
SQL: select uid as pa_id,pid,result,create_time from solution where cid=6 order by pa_id,pid,create_time; [ RunTime:0.000807s ]
SQL: select create_time,type,private from contest where cid=6 [ RunTime:0.000319s ]
SQL: select pid from contest_problem where cid=6 order by newid; [ RunTime:0.000315s ]
SQL: select distinct user.uid as pa_id,user.username as pa_name from solution,user where solution.uid=user.uid and cid=6 order by pa_id [ RunTime:0.000611s ]

[ 2014-12-18T22:52:16+08:00 ] 0.0.0.0 /php/index.php/Contest/Index/rankdata?cid=6
INFO: [ app_begin ] --START--
INFO: ReadHtmlCache Behavior ::run [ RunTime:0.000987s ]
INFO: [ app_begin ] --END-- [ RunTime:0.001249s ]
NOTIC: [8192] mysql_connect(): The mysql extension is deprecated and will be removed in the future: use mysqli or PDO instead F:\www\php\ThinkPHP\Lib\Driver\Db\DbMysql.class.php 第 55 行.
SQL: select uid as pa_id,pid,result,create_time from solution where cid=6 order by pa_id,pid,create_time; [ RunTime:0.001103s ]
SQL: select create_time,type,private from contest where cid=6 [ RunTime:0.001758s ]
SQL: select pid from contest_problem where cid=6 order by newid; [ RunTime:0.001221s ]
SQL: select distinct user.uid as pa_id,user.username as pa_name from solution,user where solution.uid=user.uid and cid=6 order by pa_id [ RunTime:0.000729s ]

[ 2014-12-18T22:52:21+08:00 ] 0.0.0.0 /php/index.php/Contest/Index/rankdata?cid=6
INFO: [ app_begin ] --START--
INFO: ReadHtmlCache Behavior ::run [ RunTime:0.001027s ]
INFO: [ app_begin ] --END-- [ RunTime:0.001147s ]
NOTIC: [8192] mysql_connect(): The mysql extension is deprecated and will be removed in the future: use mysqli or PDO instead F:\www\php\ThinkPHP\Lib\Driver\Db\DbMysql.class.php 第 55 行.
SQL: select uid as pa_id,pid,result,create_time from solution where cid=6 order by pa_id,pid,create_time; [ RunTime:0.001511s ]
SQL: select create_time,type,private from contest where cid=6 [ RunTime:0.000750s ]
SQL: select pid from contest_problem where cid=6 order by newid; [ RunTime:0.000863s ]
SQL: select distinct user.uid as pa_id,user.username as pa_name from solution,user where solution.uid=user.uid and cid=6 order by pa_id [ RunTime:0.001934s ]

[ 2014-12-18T22:52:25+08:00 ] 0.0.0.0 /php/index.php/Contest/Index/rankdata?cid=6
INFO: [ app_begin ] --START--
INFO: ReadHtmlCache Behavior ::run [ RunTime:0.000732s ]
INFO: [ app_begin ] --END-- [ RunTime:0.000857s ]
NOTIC: [8192] mysql_connect(): The mysql extension is deprecated and will be removed in the future: use mysqli or PDO instead F:\www\php\ThinkPHP\Lib\Driver\Db\DbMysql.class.php 第 55 行.
SQL: select uid as pa_id,pid,result,create_time from solution where cid=6 order by pa_id,pid,create_time; [ RunTime:0.000719s ]
SQL: select create_time,type,private from contest where cid=6 [ RunTime:0.000360s ]
SQL: select pid from contest_problem where cid=6 order by newid; [ RunTime:0.002025s ]
SQL: select distinct user.uid as pa_id,user.username as pa_name from solution,user where solution.uid=user.uid and cid=6 order by pa_id [ RunTime:0.002795s ]

[ 2014-12-18T22:52:28+08:00 ] 0.0.0.0 /php/index.php/Contest/Index/rankdata?cid=6
INFO: [ app_begin ] --START--
INFO: ReadHtmlCache Behavior ::run [ RunTime:0.001116s ]
INFO: [ app_begin ] --END-- [ RunTime:0.001260s ]
NOTIC: [8192] mysql_connect(): The mysql extension is deprecated and will be removed in the future: use mysqli or PDO instead F:\www\php\ThinkPHP\Lib\Driver\Db\DbMysql.class.php 第 55 行.
SQL: select uid as pa_id,pid,result,create_time from solution where cid=6 order by pa_id,pid,create_time; [ RunTime:0.000613s ]
SQL: select create_time,type,private from contest where cid=6 [ RunTime:0.000413s ]
SQL: select pid from contest_problem where cid=6 order by newid; [ RunTime:0.000389s ]
SQL: select distinct user.uid as pa_id,user.username as pa_name from solution,user where solution.uid=user.uid and cid=6 order by pa_id [ RunTime:0.000647s ]

[ 2014-12-18T22:52:31+08:00 ] 0.0.0.0 /php/index.php/Contest/Index/rankdata?cid=6
INFO: [ app_begin ] --START--
INFO: ReadHtmlCache Behavior ::run [ RunTime:0.002359s ]
INFO: [ app_begin ] --END-- [ RunTime:0.002559s ]
NOTIC: [8192] mysql_connect(): The mysql extension is deprecated and will be removed in the future: use mysqli or PDO instead F:\www\php\ThinkPHP\Lib\Driver\Db\DbMysql.class.php 第 55 行.
SQL: select uid as pa_id,pid,result,create_time from solution where cid=6 order by pa_id,pid,create_time; [ RunTime:0.000889s ]
SQL: select create_time,type,private from contest where cid=6 [ RunTime:0.000364s ]
SQL: select pid from contest_problem where cid=6 order by newid; [ RunTime:0.001436s ]
SQL: select distinct user.uid as pa_id,user.username as pa_name from solution,user where solution.uid=user.uid and cid=6 order by pa_id [ RunTime:0.001341s ]

[ 2014-12-18T22:52:35+08:00 ] 0.0.0.0 /php/index.php/Contest/Index/rankdata?cid=6
INFO: [ app_begin ] --START--
INFO: ReadHtmlCache Behavior ::run [ RunTime:0.002032s ]
INFO: [ app_begin ] --END-- [ RunTime:0.002529s ]
NOTIC: [8192] mysql_connect(): The mysql extension is deprecated and will be removed in the future: use mysqli or PDO instead F:\www\php\ThinkPHP\Lib\Driver\Db\DbMysql.class.php 第 55 行.
SQL: select uid as pa_id,pid,result,create_time from solution where cid=6 order by pa_id,pid,create_time; [ RunTime:0.000463s ]
SQL: select create_time,type,private from contest where cid=6 [ RunTime:0.000491s ]
SQL: select pid from contest_problem where cid=6 order by newid; [ RunTime:0.001224s ]
SQL: select distinct user.uid as pa_id,user.username as pa_name from solution,user where solution.uid=user.uid and cid=6 order by pa_id [ RunTime:0.002211s ]

[ 2014-12-18T22:52:38+08:00 ] 0.0.0.0 /php/index.php/Contest/Index/rankdata?cid=6
INFO: [ app_begin ] --START--
INFO: ReadHtmlCache Behavior ::run [ RunTime:0.000626s ]
INFO: [ app_begin ] --END-- [ RunTime:0.000731s ]
NOTIC: [8192] mysql_connect(): The mysql extension is deprecated and will be removed in the future: use mysqli or PDO instead F:\www\php\ThinkPHP\Lib\Driver\Db\DbMysql.class.php 第 55 行.
SQL: select uid as pa_id,pid,result,create_time from solution where cid=6 order by pa_id,pid,create_time; [ RunTime:0.000905s ]
SQL: select create_time,type,private from contest where cid=6 [ RunTime:0.000703s ]
SQL: select pid from contest_problem where cid=6 order by newid; [ RunTime:0.002346s ]
SQL: select distinct user.uid as pa_id,user.username as pa_name from solution,user where solution.uid=user.uid and cid=6 order by pa_id [ RunTime:0.002759s ]

[ 2014-12-18T22:52:41+08:00 ] 0.0.0.0 /php/index.php/Contest/Index/rankdata?cid=6
INFO: [ app_begin ] --START--
INFO: ReadHtmlCache Behavior ::run [ RunTime:0.000946s ]
INFO: [ app_begin ] --END-- [ RunTime:0.001361s ]
NOTIC: [8192] mysql_connect(): The mysql extension is deprecated and will be removed in the future: use mysqli or PDO instead F:\www\php\ThinkPHP\Lib\Driver\Db\DbMysql.class.php 第 55 行.
SQL: select uid as pa_id,pid,result,create_time from solution where cid=6 order by pa_id,pid,create_time; [ RunTime:0.002223s ]
SQL: select create_time,type,private from contest where cid=6 [ RunTime:0.000499s ]
SQL: select pid from contest_problem where cid=6 order by newid; [ RunTime:0.000697s ]
SQL: select distinct user.uid as pa_id,user.username as pa_name from solution,user where solution.uid=user.uid and cid=6 order by pa_id [ RunTime:0.001913s ]

[ 2014-12-18T22:52:46+08:00 ] 0.0.0.0 /php/index.php/Contest/Index/rankdata?cid=6
INFO: [ app_begin ] --START--
INFO: ReadHtmlCache Behavior ::run [ RunTime:0.000646s ]
INFO: [ app_begin ] --END-- [ RunTime:0.000752s ]
NOTIC: [8192] mysql_connect(): The mysql extension is deprecated and will be removed in the future: use mysqli or PDO instead F:\www\php\ThinkPHP\Lib\Driver\Db\DbMysql.class.php 第 55 行.
SQL: select uid as pa_id,pid,result,create_time from solution where cid=6 order by pa_id,pid,create_time; [ RunTime:0.000430s ]
SQL: select create_time,type,private from contest where cid=6 [ RunTime:0.001266s ]
SQL: select pid from contest_problem where cid=6 order by newid; [ RunTime:0.001857s ]
SQL: select distinct user.uid as pa_id,user.username as pa_name from solution,user where solution.uid=user.uid and cid=6 order by pa_id [ RunTime:0.001528s ]

[ 2014-12-18T22:52:49+08:00 ] 0.0.0.0 /php/index.php/Contest/Index/rankdata?cid=6
INFO: [ app_begin ] --START--
INFO: ReadHtmlCache Behavior ::run [ RunTime:0.002324s ]
INFO: [ app_begin ] --END-- [ RunTime:0.002741s ]
NOTIC: [8192] mysql_connect(): The mysql extension is deprecated and will be removed in the future: use mysqli or PDO instead F:\www\php\ThinkPHP\Lib\Driver\Db\DbMysql.class.php 第 55 行.
SQL: select uid as pa_id,pid,result,create_time from solution where cid=6 order by pa_id,pid,create_time; [ RunTime:0.000577s ]
SQL: select create_time,type,private from contest where cid=6 [ RunTime:0.000494s ]
SQL: select pid from contest_problem where cid=6 order by newid; [ RunTime:0.000512s ]
SQL: select distinct user.uid as pa_id,user.username as pa_name from solution,user where solution.uid=user.uid and cid=6 order by pa_id [ RunTime:0.002851s ]

[ 2014-12-18T22:52:53+08:00 ] 0.0.0.0 /php/index.php/Contest/Index/rankdata?cid=6
INFO: [ app_begin ] --START--
INFO: ReadHtmlCache Behavior ::run [ RunTime:0.001259s ]
INFO: [ app_begin ] --END-- [ RunTime:0.001444s ]
NOTIC: [8192] mysql_connect(): The mysql extension is deprecated and will be removed in the future: use mysqli or PDO instead F:\www\php\ThinkPHP\Lib\Driver\Db\DbMysql.class.php 第 55 行.
SQL: select uid as pa_id,pid,result,create_time from solution where cid=6 order by pa_id,pid,create_time; [ RunTime:0.002152s ]
SQL: select create_time,type,private from contest where cid=6 [ RunTime:0.001345s ]
SQL: select pid from contest_problem where cid=6 order by newid; [ RunTime:0.002716s ]
SQL: select distinct user.uid as pa_id,user.username as pa_name from solution,user where solution.uid=user.uid and cid=6 order by pa_id [ RunTime:0.001916s ]

[ 2014-12-18T22:52:58+08:00 ] 0.0.0.0 /php/index.php/Contest/Index/rankdata?cid=6
INFO: [ app_begin ] --START--
INFO: ReadHtmlCache Behavior ::run [ RunTime:0.000666s ]
INFO: [ app_begin ] --END-- [ RunTime:0.000756s ]
NOTIC: [8192] mysql_connect(): The mysql extension is deprecated and will be removed in the future: use mysqli or PDO instead F:\www\php\ThinkPHP\Lib\Driver\Db\DbMysql.class.php 第 55 行.
SQL: select uid as pa_id,pid,result,create_time from solution where cid=6 order by pa_id,pid,create_time; [ RunTime:0.000573s ]
SQL: select create_time,type,private from contest where cid=6 [ RunTime:0.002160s ]
SQL: select pid from contest_problem where cid=6 order by newid; [ RunTime:0.000498s ]
SQL: select distinct user.uid as pa_id,user.username as pa_name from solution,user where solution.uid=user.uid and cid=6 order by pa_id [ RunTime:0.000954s ]

[ 2014-12-18T22:53:02+08:00 ] 0.0.0.0 /php/index.php/Contest/Index/rankdata?cid=6
INFO: [ app_begin ] --START--
INFO: ReadHtmlCache Behavior ::run [ RunTime:0.001666s ]
INFO: [ app_begin ] --END-- [ RunTime:0.001911s ]
NOTIC: [8192] mysql_connect(): The mysql extension is deprecated and will be removed in the future: use mysqli or PDO instead F:\www\php\ThinkPHP\Lib\Driver\Db\DbMysql.class.php 第 55 行.
SQL: select uid as pa_id,pid,result,create_time from solution where cid=6 order by pa_id,pid,create_time; [ RunTime:0.000585s ]
SQL: select create_time,type,private from contest where cid=6 [ RunTime:0.000361s ]
SQL: select pid from contest_problem where cid=6 order by newid; [ RunTime:0.002018s ]
SQL: select distinct user.uid as pa_id,user.username as pa_name from solution,user where solution.uid=user.uid and cid=6 order by pa_id [ RunTime:0.001505s ]

[ 2014-12-18T22:53:06+08:00 ] 0.0.0.0 /php/index.php/Contest/Index/rankdata?cid=6
INFO: [ app_begin ] --START--
INFO: ReadHtmlCache Behavior ::run [ RunTime:0.000839s ]
INFO: [ app_begin ] --END-- [ RunTime:0.000985s ]
NOTIC: [8192] mysql_connect(): The mysql extension is deprecated and will be removed in the future: use mysqli or PDO instead F:\www\php\ThinkPHP\Lib\Driver\Db\DbMysql.class.php 第 55 行.
SQL: select uid as pa_id,pid,result,create_time from solution where cid=6 order by pa_id,pid,create_time; [ RunTime:0.001383s ]
SQL: select create_time,type,private from contest where cid=6 [ RunTime:0.001160s ]
SQL: select pid from contest_problem where cid=6 order by newid; [ RunTime:0.000542s ]
SQL: select distinct user.uid as pa_id,user.username as pa_name from solution,user where solution.uid=user.uid and cid=6 order by pa_id [ RunTime:0.001578s ]

[ 2014-12-18T22:53:11+08:00 ] 0.0.0.0 /php/index.php/Contest/Index/rankdata?cid=6
INFO: [ app_begin ] --START--
INFO: ReadHtmlCache Behavior ::run [ RunTime:0.001114s ]
INFO: [ app_begin ] --END-- [ RunTime:0.001388s ]
NOTIC: [8192] mysql_connect(): The mysql extension is deprecated and will be removed in the future: use mysqli or PDO instead F:\www\php\ThinkPHP\Lib\Driver\Db\DbMysql.class.php 第 55 行.
SQL: select uid as pa_id,pid,result,create_time from solution where cid=6 order by pa_id,pid,create_time; [ RunTime:0.000538s ]
SQL: select create_time,type,private from contest where cid=6 [ RunTime:0.000383s ]
SQL: select pid from contest_problem where cid=6 order by newid; [ RunTime:0.001461s ]
SQL: select distinct user.uid as pa_id,user.username as pa_name from solution,user where solution.uid=user.uid and cid=6 order by pa_id [ RunTime:0.002211s ]

[ 2014-12-18T22:53:14+08:00 ] 0.0.0.0 /php/index.php/Contest/Index/rankdata?cid=6
INFO: [ app_begin ] --START--
INFO: ReadHtmlCache Behavior ::run [ RunTime:0.000559s ]
INFO: [ app_begin ] --END-- [ RunTime:0.000817s ]
NOTIC: [8192] mysql_connect(): The mysql extension is deprecated and will be removed in the future: use mysqli or PDO instead F:\www\php\ThinkPHP\Lib\Driver\Db\DbMysql.class.php 第 55 行.
SQL: select uid as pa_id,pid,result,create_time from solution where cid=6 order by pa_id,pid,create_time; [ RunTime:0.001933s ]
SQL: select create_time,type,private from contest where cid=6 [ RunTime:0.001156s ]
SQL: select pid from contest_problem where cid=6 order by newid; [ RunTime:0.000620s ]
SQL: select distinct user.uid as pa_id,user.username as pa_name from solution,user where solution.uid=user.uid and cid=6 order by pa_id [ RunTime:0.000820s ]

[ 2014-12-18T22:53:18+08:00 ] 0.0.0.0 /php/index.php/Contest/Index/rankdata?cid=6
INFO: [ app_begin ] --START--
INFO: ReadHtmlCache Behavior ::run [ RunTime:0.002427s ]
INFO: [ app_begin ] --END-- [ RunTime:0.002926s ]
NOTIC: [8192] mysql_connect(): The mysql extension is deprecated and will be removed in the future: use mysqli or PDO instead F:\www\php\ThinkPHP\Lib\Driver\Db\DbMysql.class.php 第 55 行.
SQL: select uid as pa_id,pid,result,create_time from solution where cid=6 order by pa_id,pid,create_time; [ RunTime:0.001653s ]
SQL: select create_time,type,private from contest where cid=6 [ RunTime:0.001046s ]
SQL: select pid from contest_problem where cid=6 order by newid; [ RunTime:0.002341s ]
SQL: select distinct user.uid as pa_id,user.username as pa_name from solution,user where solution.uid=user.uid and cid=6 order by pa_id [ RunTime:0.002106s ]

[ 2014-12-18T22:53:21+08:00 ] 0.0.0.0 /php/index.php/Contest/Index/rankdata?cid=6
INFO: [ app_begin ] --START--
INFO: ReadHtmlCache Behavior ::run [ RunTime:0.000598s ]
INFO: [ app_begin ] --END-- [ RunTime:0.000692s ]
NOTIC: [8192] mysql_connect(): The mysql extension is deprecated and will be removed in the future: use mysqli or PDO instead F:\www\php\ThinkPHP\Lib\Driver\Db\DbMysql.class.php 第 55 行.
SQL: select uid as pa_id,pid,result,create_time from solution where cid=6 order by pa_id,pid,create_time; [ RunTime:0.000527s ]
SQL: select create_time,type,private from contest where cid=6 [ RunTime:0.000624s ]
SQL: select pid from contest_problem where cid=6 order by newid; [ RunTime:0.000665s ]
SQL: select distinct user.uid as pa_id,user.username as pa_name from solution,user where solution.uid=user.uid and cid=6 order by pa_id [ RunTime:0.002583s ]

[ 2014-12-18T22:53:25+08:00 ] 0.0.0.0 /php/index.php/Contest/Index/rankdata?cid=6
INFO: [ app_begin ] --START--
INFO: ReadHtmlCache Behavior ::run [ RunTime:0.000604s ]
INFO: [ app_begin ] --END-- [ RunTime:0.000697s ]
NOTIC: [8192] mysql_connect(): The mysql extension is deprecated and will be removed in the future: use mysqli or PDO instead F:\www\php\ThinkPHP\Lib\Driver\Db\DbMysql.class.php 第 55 行.
SQL: select uid as pa_id,pid,result,create_time from solution where cid=6 order by pa_id,pid,create_time; [ RunTime:0.002265s ]
SQL: select create_time,type,private from contest where cid=6 [ RunTime:0.000641s ]
SQL: select pid from contest_problem where cid=6 order by newid; [ RunTime:0.000481s ]
SQL: select distinct user.uid as pa_id,user.username as pa_name from solution,user where solution.uid=user.uid and cid=6 order by pa_id [ RunTime:0.000712s ]

[ 2014-12-18T22:53:28+08:00 ] 0.0.0.0 /php/index.php/Contest/Index/rankdata?cid=6
INFO: [ app_begin ] --START--
INFO: ReadHtmlCache Behavior ::run [ RunTime:0.000831s ]
INFO: [ app_begin ] --END-- [ RunTime:0.000952s ]
NOTIC: [8192] mysql_connect(): The mysql extension is deprecated and will be removed in the future: use mysqli or PDO instead F:\www\php\ThinkPHP\Lib\Driver\Db\DbMysql.class.php 第 55 行.
SQL: select uid as pa_id,pid,result,create_time from solution where cid=6 order by pa_id,pid,create_time; [ RunTime:0.000540s ]
SQL: select create_time,type,private from contest where cid=6 [ RunTime:0.000332s ]
SQL: select pid from contest_problem where cid=6 order by newid; [ RunTime:0.000766s ]
SQL: select distinct user.uid as pa_id,user.username as pa_name from solution,user where solution.uid=user.uid and cid=6 order by pa_id [ RunTime:0.004039s ]

[ 2014-12-18T22:53:32+08:00 ] 0.0.0.0 /php/index.php/Contest/Index/rankdata?cid=6
INFO: [ app_begin ] --START--
INFO: ReadHtmlCache Behavior ::run [ RunTime:0.001543s ]
INFO: [ app_begin ] --END-- [ RunTime:0.001724s ]
NOTIC: [8192] mysql_connect(): The mysql extension is deprecated and will be removed in the future: use mysqli or PDO instead F:\www\php\ThinkPHP\Lib\Driver\Db\DbMysql.class.php 第 55 行.
SQL: select uid as pa_id,pid,result,create_time from solution where cid=6 order by pa_id,pid,create_time; [ RunTime:0.000778s ]
SQL: select create_time,type,private from contest where cid=6 [ RunTime:0.001578s ]
SQL: select pid from contest_problem where cid=6 order by newid; [ RunTime:0.003090s ]
SQL: select distinct user.uid as pa_id,user.username as pa_name from solution,user where solution.uid=user.uid and cid=6 order by pa_id [ RunTime:0.001150s ]

[ 2014-12-18T22:53:35+08:00 ] 0.0.0.0 /php/index.php/Contest/Index/rankdata?cid=6
INFO: [ app_begin ] --START--
INFO: ReadHtmlCache Behavior ::run [ RunTime:0.000835s ]
INFO: [ app_begin ] --END-- [ RunTime:0.001000s ]
NOTIC: [8192] mysql_connect(): The mysql extension is deprecated and will be removed in the future: use mysqli or PDO instead F:\www\php\ThinkPHP\Lib\Driver\Db\DbMysql.class.php 第 55 行.
SQL: select uid as pa_id,pid,result,create_time from solution where cid=6 order by pa_id,pid,create_time; [ RunTime:0.002358s ]
SQL: select create_time,type,private from contest where cid=6 [ RunTime:0.002091s ]
SQL: select pid from contest_problem where cid=6 order by newid; [ RunTime:0.002806s ]
SQL: select distinct user.uid as pa_id,user.username as pa_name from solution,user where solution.uid=user.uid and cid=6 order by pa_id [ RunTime:0.001715s ]

[ 2014-12-18T22:53:38+08:00 ] 0.0.0.0 /php/index.php/Contest/Index/rankdata?cid=6
INFO: [ app_begin ] --START--
INFO: ReadHtmlCache Behavior ::run [ RunTime:0.001005s ]
INFO: [ app_begin ] --END-- [ RunTime:0.001097s ]
NOTIC: [8192] mysql_connect(): The mysql extension is deprecated and will be removed in the future: use mysqli or PDO instead F:\www\php\ThinkPHP\Lib\Driver\Db\DbMysql.class.php 第 55 行.
SQL: select uid as pa_id,pid,result,create_time from solution where cid=6 order by pa_id,pid,create_time; [ RunTime:0.000892s ]
SQL: select create_time,type,private from contest where cid=6 [ RunTime:0.001500s ]
SQL: select pid from contest_problem where cid=6 order by newid; [ RunTime:0.000937s ]
SQL: select distinct user.uid as pa_id,user.username as pa_name from solution,user where solution.uid=user.uid and cid=6 order by pa_id [ RunTime:0.000906s ]

[ 2014-12-18T22:53:42+08:00 ] 0.0.0.0 /php/index.php/Contest/Index/rankdata?cid=6
INFO: [ app_begin ] --START--
INFO: ReadHtmlCache Behavior ::run [ RunTime:0.002044s ]
INFO: [ app_begin ] --END-- [ RunTime:0.002522s ]
NOTIC: [8192] mysql_connect(): The mysql extension is deprecated and will be removed in the future: use mysqli or PDO instead F:\www\php\ThinkPHP\Lib\Driver\Db\DbMysql.class.php 第 55 行.
SQL: select uid as pa_id,pid,result,create_time from solution where cid=6 order by pa_id,pid,create_time; [ RunTime:0.003163s ]
SQL: select create_time,type,private from contest where cid=6 [ RunTime:0.001715s ]
SQL: select pid from contest_problem where cid=6 order by newid; [ RunTime:0.001220s ]
SQL: select distinct user.uid as pa_id,user.username as pa_name from solution,user where solution.uid=user.uid and cid=6 order by pa_id [ RunTime:0.001025s ]

[ 2014-12-18T22:53:45+08:00 ] 0.0.0.0 /php/index.php/Contest/Index/rankdata?cid=6
INFO: [ app_begin ] --START--
INFO: ReadHtmlCache Behavior ::run [ RunTime:0.000617s ]
INFO: [ app_begin ] --END-- [ RunTime:0.000714s ]
NOTIC: [8192] mysql_connect(): The mysql extension is deprecated and will be removed in the future: use mysqli or PDO instead F:\www\php\ThinkPHP\Lib\Driver\Db\DbMysql.class.php 第 55 行.
SQL: select uid as pa_id,pid,result,create_time from solution where cid=6 order by pa_id,pid,create_time; [ RunTime:0.002930s ]
SQL: select create_time,type,private from contest where cid=6 [ RunTime:0.000910s ]
SQL: select pid from contest_problem where cid=6 order by newid; [ RunTime:0.000530s ]
SQL: select distinct user.uid as pa_id,user.username as pa_name from solution,user where solution.uid=user.uid and cid=6 order by pa_id [ RunTime:0.000809s ]

[ 2014-12-18T22:53:48+08:00 ] 0.0.0.0 /php/index.php/Contest/Index/rankdata?cid=6
INFO: [ app_begin ] --START--
INFO: ReadHtmlCache Behavior ::run [ RunTime:0.001496s ]
INFO: [ app_begin ] --END-- [ RunTime:0.001729s ]
NOTIC: [8192] mysql_connect(): The mysql extension is deprecated and will be removed in the future: use mysqli or PDO instead F:\www\php\ThinkPHP\Lib\Driver\Db\DbMysql.class.php 第 55 行.
SQL: select uid as pa_id,pid,result,create_time from solution where cid=6 order by pa_id,pid,create_time; [ RunTime:0.000538s ]
SQL: select create_time,type,private from contest where cid=6 [ RunTime:0.000311s ]
SQL: select pid from contest_problem where cid=6 order by newid; [ RunTime:0.000374s ]
SQL: select distinct user.uid as pa_id,user.username as pa_name from solution,user where solution.uid=user.uid and cid=6 order by pa_id [ RunTime:0.000654s ]

[ 2014-12-18T22:53:51+08:00 ] 0.0.0.0 /php/index.php/Contest/Index/rankdata?cid=6
INFO: [ app_begin ] --START--
INFO: ReadHtmlCache Behavior ::run [ RunTime:0.000833s ]
INFO: [ app_begin ] --END-- [ RunTime:0.001124s ]
NOTIC: [8192] mysql_connect(): The mysql extension is deprecated and will be removed in the future: use mysqli or PDO instead F:\www\php\ThinkPHP\Lib\Driver\Db\DbMysql.class.php 第 55 行.
SQL: select uid as pa_id,pid,result,create_time from solution where cid=6 order by pa_id,pid,create_time; [ RunTime:0.001494s ]
SQL: select create_time,type,private from contest where cid=6 [ RunTime:0.001462s ]
SQL: select pid from contest_problem where cid=6 order by newid; [ RunTime:0.002114s ]
SQL: select distinct user.uid as pa_id,user.username as pa_name from solution,user where solution.uid=user.uid and cid=6 order by pa_id [ RunTime:0.000848s ]

[ 2014-12-18T22:53:54+08:00 ] 0.0.0.0 /php/index.php/Contest/Index/rankdata?cid=6
INFO: [ app_begin ] --START--
INFO: ReadHtmlCache Behavior ::run [ RunTime:0.001258s ]
INFO: [ app_begin ] --END-- [ RunTime:0.001427s ]
NOTIC: [8192] mysql_connect(): The mysql extension is deprecated and will be removed in the future: use mysqli or PDO instead F:\www\php\ThinkPHP\Lib\Driver\Db\DbMysql.class.php 第 55 行.
SQL: select uid as pa_id,pid,result,create_time from solution where cid=6 order by pa_id,pid,create_time; [ RunTime:0.000914s ]
SQL: select create_time,type,private from contest where cid=6 [ RunTime:0.001792s ]
SQL: select pid from contest_problem where cid=6 order by newid; [ RunTime:0.001391s ]
SQL: select distinct user.uid as pa_id,user.username as pa_name from solution,user where solution.uid=user.uid and cid=6 order by pa_id [ RunTime:0.002032s ]

[ 2014-12-18T22:53:57+08:00 ] 0.0.0.0 /php/index.php/Contest/Index/rankdata?cid=6
INFO: [ app_begin ] --START--
INFO: ReadHtmlCache Behavior ::run [ RunTime:0.002177s ]
INFO: [ app_begin ] --END-- [ RunTime:0.002510s ]
NOTIC: [8192] mysql_connect(): The mysql extension is deprecated and will be removed in the future: use mysqli or PDO instead F:\www\php\ThinkPHP\Lib\Driver\Db\DbMysql.class.php 第 55 行.
SQL: select uid as pa_id,pid,result,create_time from solution where cid=6 order by pa_id,pid,create_time; [ RunTime:0.000822s ]
SQL: select create_time,type,private from contest where cid=6 [ RunTime:0.000357s ]
SQL: select pid from contest_problem where cid=6 order by newid; [ RunTime:0.002659s ]
SQL: select distinct user.uid as pa_id,user.username as pa_name from solution,user where solution.uid=user.uid and cid=6 order by pa_id [ RunTime:0.001827s ]

[ 2014-12-18T22:54:00+08:00 ] 0.0.0.0 /php/index.php/Contest/Index/rankdata?cid=6
INFO: [ app_begin ] --START--
INFO: ReadHtmlCache Behavior ::run [ RunTime:0.001641s ]
INFO: [ app_begin ] --END-- [ RunTime:0.001973s ]
NOTIC: [8192] mysql_connect(): The mysql extension is deprecated and will be removed in the future: use mysqli or PDO instead F:\www\php\ThinkPHP\Lib\Driver\Db\DbMysql.class.php 第 55 行.
SQL: select uid as pa_id,pid,result,create_time from solution where cid=6 order by pa_id,pid,create_time; [ RunTime:0.000415s ]
SQL: select create_time,type,private from contest where cid=6 [ RunTime:0.000204s ]
SQL: select pid from contest_problem where cid=6 order by newid; [ RunTime:0.000322s ]
SQL: select distinct user.uid as pa_id,user.username as pa_name from solution,user where solution.uid=user.uid and cid=6 order by pa_id [ RunTime:0.000509s ]

[ 2014-12-18T22:54:04+08:00 ] 0.0.0.0 /php/index.php/Contest/Index/rankdata?cid=6
INFO: [ app_begin ] --START--
INFO: ReadHtmlCache Behavior ::run [ RunTime:0.000669s ]
INFO: [ app_begin ] --END-- [ RunTime:0.000777s ]
NOTIC: [8192] mysql_connect(): The mysql extension is deprecated and will be removed in the future: use mysqli or PDO instead F:\www\php\ThinkPHP\Lib\Driver\Db\DbMysql.class.php 第 55 行.
SQL: select uid as pa_id,pid,result,create_time from solution where cid=6 order by pa_id,pid,create_time; [ RunTime:0.000689s ]
SQL: select create_time,type,private from contest where cid=6 [ RunTime:0.000586s ]
SQL: select pid from contest_problem where cid=6 order by newid; [ RunTime:0.002622s ]
SQL: select distinct user.uid as pa_id,user.username as pa_name from solution,user where solution.uid=user.uid and cid=6 order by pa_id [ RunTime:0.002219s ]

[ 2014-12-18T22:54:07+08:00 ] 0.0.0.0 /php/index.php/Contest/Index/rankdata?cid=6
INFO: [ app_begin ] --START--
INFO: ReadHtmlCache Behavior ::run [ RunTime:0.001525s ]
INFO: [ app_begin ] --END-- [ RunTime:0.001769s ]
NOTIC: [8192] mysql_connect(): The mysql extension is deprecated and will be removed in the future: use mysqli or PDO instead F:\www\php\ThinkPHP\Lib\Driver\Db\DbMysql.class.php 第 55 行.
SQL: select uid as pa_id,pid,result,create_time from solution where cid=6 order by pa_id,pid,create_time; [ RunTime:0.000566s ]
SQL: select create_time,type,private from contest where cid=6 [ RunTime:0.000326s ]
SQL: select pid from contest_problem where cid=6 order by newid; [ RunTime:0.000359s ]
SQL: select distinct user.uid as pa_id,user.username as pa_name from solution,user where solution.uid=user.uid and cid=6 order by pa_id [ RunTime:0.000695s ]

[ 2014-12-18T22:54:10+08:00 ] 0.0.0.0 /php/index.php/Contest/Index/rankdata?cid=6
INFO: [ app_begin ] --START--
INFO: ReadHtmlCache Behavior ::run [ RunTime:0.001200s ]
INFO: [ app_begin ] --END-- [ RunTime:0.001376s ]
NOTIC: [8192] mysql_connect(): The mysql extension is deprecated and will be removed in the future: use mysqli or PDO instead F:\www\php\ThinkPHP\Lib\Driver\Db\DbMysql.class.php 第 55 行.
SQL: select uid as pa_id,pid,result,create_time from solution where cid=6 order by pa_id,pid,create_time; [ RunTime:0.000630s ]
SQL: select create_time,type,private from contest where cid=6 [ RunTime:0.000421s ]
SQL: select pid from contest_problem where cid=6 order by newid; [ RunTime:0.000433s ]
SQL: select distinct user.uid as pa_id,user.username as pa_name from solution,user where solution.uid=user.uid and cid=6 order by pa_id [ RunTime:0.000722s ]

[ 2014-12-18T22:54:13+08:00 ] 0.0.0.0 /php/index.php/Contest/Index/rankdata?cid=6
INFO: [ app_begin ] --START--
INFO: ReadHtmlCache Behavior ::run [ RunTime:0.000547s ]
INFO: [ app_begin ] --END-- [ RunTime:0.000632s ]
NOTIC: [8192] mysql_connect(): The mysql extension is deprecated and will be removed in the future: use mysqli or PDO instead F:\www\php\ThinkPHP\Lib\Driver\Db\DbMysql.class.php 第 55 行.
SQL: select uid as pa_id,pid,result,create_time from solution where cid=6 order by pa_id,pid,create_time; [ RunTime:0.000408s ]
SQL: select create_time,type,private from contest where cid=6 [ RunTime:0.000187s ]
SQL: select pid from contest_problem where cid=6 order by newid; [ RunTime:0.000215s ]
SQL: select distinct user.uid as pa_id,user.username as pa_name from solution,user where solution.uid=user.uid and cid=6 order by pa_id [ RunTime:0.000378s ]

[ 2014-12-18T22:54:16+08:00 ] 0.0.0.0 /php/index.php/Contest/Index/rankdata?cid=6
INFO: [ app_begin ] --START--
INFO: ReadHtmlCache Behavior ::run [ RunTime:0.000449s ]
INFO: [ app_begin ] --END-- [ RunTime:0.000531s ]
NOTIC: [8192] mysql_connect(): The mysql extension is deprecated and will be removed in the future: use mysqli or PDO instead F:\www\php\ThinkPHP\Lib\Driver\Db\DbMysql.class.php 第 55 行.
SQL: select uid as pa_id,pid,result,create_time from solution where cid=6 order by pa_id,pid,create_time; [ RunTime:0.000451s ]
SQL: select create_time,type,private from contest where cid=6 [ RunTime:0.000323s ]
SQL: select pid from contest_problem where cid=6 order by newid; [ RunTime:0.000826s ]
SQL: select distinct user.uid as pa_id,user.username as pa_name from solution,user where solution.uid=user.uid and cid=6 order by pa_id [ RunTime:0.000640s ]

[ 2014-12-18T22:54:19+08:00 ] 0.0.0.0 /php/index.php/Contest/Index/rankdata?cid=6
INFO: [ app_begin ] --START--
INFO: ReadHtmlCache Behavior ::run [ RunTime:0.000633s ]
INFO: [ app_begin ] --END-- [ RunTime:0.000757s ]
NOTIC: [8192] mysql_connect(): The mysql extension is deprecated and will be removed in the future: use mysqli or PDO instead F:\www\php\ThinkPHP\Lib\Driver\Db\DbMysql.class.php 第 55 行.
SQL: select uid as pa_id,pid,result,create_time from solution where cid=6 order by pa_id,pid,create_time; [ RunTime:0.000459s ]
SQL: select create_time,type,private from contest where cid=6 [ RunTime:0.000243s ]
SQL: select pid from contest_problem where cid=6 order by newid; [ RunTime:0.000410s ]
SQL: select distinct user.uid as pa_id,user.username as pa_name from solution,user where solution.uid=user.uid and cid=6 order by pa_id [ RunTime:0.000779s ]

[ 2014-12-18T22:54:22+08:00 ] 0.0.0.0 /php/index.php/Contest/Index/rankdata?cid=6
INFO: [ app_begin ] --START--
INFO: ReadHtmlCache Behavior ::run [ RunTime:0.000302s ]
INFO: [ app_begin ] --END-- [ RunTime:0.000358s ]
NOTIC: [8192] mysql_connect(): The mysql extension is deprecated and will be removed in the future: use mysqli or PDO instead F:\www\php\ThinkPHP\Lib\Driver\Db\DbMysql.class.php 第 55 行.
SQL: select uid as pa_id,pid,result,create_time from solution where cid=6 order by pa_id,pid,create_time; [ RunTime:0.000440s ]
SQL: select create_time,type,private from contest where cid=6 [ RunTime:0.000336s ]
SQL: select pid from contest_problem where cid=6 order by newid; [ RunTime:0.000269s ]
SQL: select distinct user.uid as pa_id,user.username as pa_name from solution,user where solution.uid=user.uid and cid=6 order by pa_id [ RunTime:0.000438s ]

[ 2014-12-18T22:54:27+08:00 ] 0.0.0.0 /php/index.php/Contest/Index/rankdata?cid=6
INFO: [ app_begin ] --START--
INFO: ReadHtmlCache Behavior ::run [ RunTime:0.000672s ]
INFO: [ app_begin ] --END-- [ RunTime:0.000792s ]
NOTIC: [8192] mysql_connect(): The mysql extension is deprecated and will be removed in the future: use mysqli or PDO instead F:\www\php\ThinkPHP\Lib\Driver\Db\DbMysql.class.php 第 55 行.
SQL: select uid as pa_id,pid,result,create_time from solution where cid=6 order by pa_id,pid,create_time; [ RunTime:0.000555s ]
SQL: select create_time,type,private from contest where cid=6 [ RunTime:0.000413s ]
SQL: select pid from contest_problem where cid=6 order by newid; [ RunTime:0.000594s ]
SQL: select distinct user.uid as pa_id,user.username as pa_name from solution,user where solution.uid=user.uid and cid=6 order by pa_id [ RunTime:0.000721s ]

[ 2014-12-18T22:54:31+08:00 ] 0.0.0.0 /php/index.php/Contest/Index/rankdata?cid=6
INFO: [ app_begin ] --START--
INFO: ReadHtmlCache Behavior ::run [ RunTime:0.000436s ]
INFO: [ app_begin ] --END-- [ RunTime:0.000519s ]
NOTIC: [8192] mysql_connect(): The mysql extension is deprecated and will be removed in the future: use mysqli or PDO instead F:\www\php\ThinkPHP\Lib\Driver\Db\DbMysql.class.php 第 55 行.
SQL: select uid as pa_id,pid,result,create_time from solution where cid=6 order by pa_id,pid,create_time; [ RunTime:0.000514s ]
SQL: select create_time,type,private from contest where cid=6 [ RunTime:0.000267s ]
SQL: select pid from contest_problem where cid=6 order by newid; [ RunTime:0.000445s ]
SQL: select distinct user.uid as pa_id,user.username as pa_name from solution,user where solution.uid=user.uid and cid=6 order by pa_id [ RunTime:0.000700s ]

[ 2014-12-18T22:54:34+08:00 ] 0.0.0.0 /php/index.php/Contest/Index/rankdata?cid=6
INFO: [ app_begin ] --START--
INFO: ReadHtmlCache Behavior ::run [ RunTime:0.000667s ]
INFO: [ app_begin ] --END-- [ RunTime:0.000910s ]
NOTIC: [8192] mysql_connect(): The mysql extension is deprecated and will be removed in the future: use mysqli or PDO instead F:\www\php\ThinkPHP\Lib\Driver\Db\DbMysql.class.php 第 55 行.
SQL: select uid as pa_id,pid,result,create_time from solution where cid=6 order by pa_id,pid,create_time; [ RunTime:0.000869s ]
SQL: select create_time,type,private from contest where cid=6 [ RunTime:0.001066s ]
SQL: select pid from contest_problem where cid=6 order by newid; [ RunTime:0.002958s ]
SQL: select distinct user.uid as pa_id,user.username as pa_name from solution,user where solution.uid=user.uid and cid=6 order by pa_id [ RunTime:0.002841s ]

[ 2014-12-18T22:54:37+08:00 ] 0.0.0.0 /php/index.php/Contest/Index/rankdata?cid=6
INFO: [ app_begin ] --START--
INFO: ReadHtmlCache Behavior ::run [ RunTime:0.000320s ]
INFO: [ app_begin ] --END-- [ RunTime:0.000376s ]
NOTIC: [8192] mysql_connect(): The mysql extension is deprecated and will be removed in the future: use mysqli or PDO instead F:\www\php\ThinkPHP\Lib\Driver\Db\DbMysql.class.php 第 55 行.
SQL: select uid as pa_id,pid,result,create_time from solution where cid=6 order by pa_id,pid,create_time; [ RunTime:0.000354s ]
SQL: select create_time,type,private from contest where cid=6 [ RunTime:0.000158s ]
SQL: select pid from contest_problem where cid=6 order by newid; [ RunTime:0.000188s ]
SQL: select distinct user.uid as pa_id,user.username as pa_name from solution,user where solution.uid=user.uid and cid=6 order by pa_id [ RunTime:0.000341s ]

[ 2014-12-18T22:54:40+08:00 ] 0.0.0.0 /php/index.php/Contest/Index/rankdata?cid=6
INFO: [ app_begin ] --START--
INFO: ReadHtmlCache Behavior ::run [ RunTime:0.000331s ]
INFO: [ app_begin ] --END-- [ RunTime:0.000394s ]
NOTIC: [8192] mysql_connect(): The mysql extension is deprecated and will be removed in the future: use mysqli or PDO instead F:\www\php\ThinkPHP\Lib\Driver\Db\DbMysql.class.php 第 55 行.
SQL: select uid as pa_id,pid,result,create_time from solution where cid=6 order by pa_id,pid,create_time; [ RunTime:0.000667s ]
SQL: select create_time,type,private from contest where cid=6 [ RunTime:0.000408s ]
SQL: select pid from contest_problem where cid=6 order by newid; [ RunTime:0.000445s ]
SQL: select distinct user.uid as pa_id,user.username as pa_name from solution,user where solution.uid=user.uid and cid=6 order by pa_id [ RunTime:0.001477s ]

[ 2014-12-18T22:54:44+08:00 ] 0.0.0.0 /php/index.php/Contest/Index/rankdata?cid=6
INFO: [ app_begin ] --START--
INFO: ReadHtmlCache Behavior ::run [ RunTime:0.000652s ]
INFO: [ app_begin ] --END-- [ RunTime:0.000759s ]
NOTIC: [8192] mysql_connect(): The mysql extension is deprecated and will be removed in the future: use mysqli or PDO instead F:\www\php\ThinkPHP\Lib\Driver\Db\DbMysql.class.php 第 55 行.
SQL: select uid as pa_id,pid,result,create_time from solution where cid=6 order by pa_id,pid,create_time; [ RunTime:0.000941s ]
SQL: select create_time,type,private from contest where cid=6 [ RunTime:0.000809s ]
SQL: select pid from contest_problem where cid=6 order by newid; [ RunTime:0.000466s ]
SQL: select distinct user.uid as pa_id,user.username as pa_name from solution,user where solution.uid=user.uid and cid=6 order by pa_id [ RunTime:0.000789s ]

[ 2014-12-18T22:54:48+08:00 ] 0.0.0.0 /php/index.php/Contest/Index/rankdata?cid=6
INFO: [ app_begin ] --START--
INFO: ReadHtmlCache Behavior ::run [ RunTime:0.000741s ]
INFO: [ app_begin ] --END-- [ RunTime:0.000860s ]
NOTIC: [8192] mysql_connect(): The mysql extension is deprecated and will be removed in the future: use mysqli or PDO instead F:\www\php\ThinkPHP\Lib\Driver\Db\DbMysql.class.php 第 55 行.
SQL: select uid as pa_id,pid,result,create_time from solution where cid=6 order by pa_id,pid,create_time; [ RunTime:0.000854s ]
SQL: select create_time,type,private from contest where cid=6 [ RunTime:0.001892s ]
SQL: select pid from contest_problem where cid=6 order by newid; [ RunTime:0.000716s ]
SQL: select distinct user.uid as pa_id,user.username as pa_name from solution,user where solution.uid=user.uid and cid=6 order by pa_id [ RunTime:0.002655s ]

[ 2014-12-18T22:54:52+08:00 ] 0.0.0.0 /php/index.php/Contest/Index/rankdata?cid=6
INFO: [ app_begin ] --START--
INFO: ReadHtmlCache Behavior ::run [ RunTime:0.001261s ]
INFO: [ app_begin ] --END-- [ RunTime:0.001481s ]
NOTIC: [8192] mysql_connect(): The mysql extension is deprecated and will be removed in the future: use mysqli or PDO instead F:\www\php\ThinkPHP\Lib\Driver\Db\DbMysql.class.php 第 55 行.
SQL: select uid as pa_id,pid,result,create_time from solution where cid=6 order by pa_id,pid,create_time; [ RunTime:0.001115s ]
SQL: select create_time,type,private from contest where cid=6 [ RunTime:0.000436s ]
SQL: select pid from contest_problem where cid=6 order by newid; [ RunTime:0.000492s ]
SQL: select distinct user.uid as pa_id,user.username as pa_name from solution,user where solution.uid=user.uid and cid=6 order by pa_id [ RunTime:0.000910s ]

[ 2014-12-18T22:54:57+08:00 ] 0.0.0.0 /php/index.php/Contest/Index/rankdata?cid=6
INFO: [ app_begin ] --START--
INFO: ReadHtmlCache Behavior ::run [ RunTime:0.002117s ]
INFO: [ app_begin ] --END-- [ RunTime:0.002387s ]
NOTIC: [8192] mysql_connect(): The mysql extension is deprecated and will be removed in the future: use mysqli or PDO instead F:\www\php\ThinkPHP\Lib\Driver\Db\DbMysql.class.php 第 55 行.
SQL: select uid as pa_id,pid,result,create_time from solution where cid=6 order by pa_id,pid,create_time; [ RunTime:0.001936s ]
SQL: select create_time,type,private from contest where cid=6 [ RunTime:0.001047s ]
SQL: select pid from contest_problem where cid=6 order by newid; [ RunTime:0.001499s ]
SQL: select distinct user.uid as pa_id,user.username as pa_name from solution,user where solution.uid=user.uid and cid=6 order by pa_id [ RunTime:0.003376s ]

[ 2014-12-18T22:55:02+08:00 ] 0.0.0.0 /php/index.php/Contest/Index/rankdata?cid=6
INFO: [ app_begin ] --START--
INFO: ReadHtmlCache Behavior ::run [ RunTime:0.001270s ]
INFO: [ app_begin ] --END-- [ RunTime:0.001614s ]
NOTIC: [8192] mysql_connect(): The mysql extension is deprecated and will be removed in the future: use mysqli or PDO instead F:\www\php\ThinkPHP\Lib\Driver\Db\DbMysql.class.php 第 55 行.
SQL: select uid as pa_id,pid,result,create_time from solution where cid=6 order by pa_id,pid,create_time; [ RunTime:0.002164s ]
SQL: select create_time,type,private from contest where cid=6 [ RunTime:0.002008s ]
SQL: select pid from contest_problem where cid=6 order by newid; [ RunTime:0.000840s ]
SQL: select distinct user.uid as pa_id,user.username as pa_name from solution,user where solution.uid=user.uid and cid=6 order by pa_id [ RunTime:0.000642s ]

[ 2014-12-18T22:55:06+08:00 ] 0.0.0.0 /php/index.php/Contest/Index/rankdata?cid=6
INFO: [ app_begin ] --START--
INFO: ReadHtmlCache Behavior ::run [ RunTime:0.001482s ]
INFO: [ app_begin ] --END-- [ RunTime:0.001902s ]
NOTIC: [8192] mysql_connect(): The mysql extension is deprecated and will be removed in the future: use mysqli or PDO instead F:\www\php\ThinkPHP\Lib\Driver\Db\DbMysql.class.php 第 55 行.
SQL: select uid as pa_id,pid,result,create_time from solution where cid=6 order by pa_id,pid,create_time; [ RunTime:0.000519s ]
SQL: select create_time,type,private from contest where cid=6 [ RunTime:0.000341s ]
SQL: select pid from contest_problem where cid=6 order by newid; [ RunTime:0.001162s ]
SQL: select distinct user.uid as pa_id,user.username as pa_name from solution,user where solution.uid=user.uid and cid=6 order by pa_id [ RunTime:0.001210s ]

[ 2014-12-18T22:55:10+08:00 ] 0.0.0.0 /php/index.php/Contest/Index/rankdata?cid=6
INFO: [ app_begin ] --START--
INFO: ReadHtmlCache Behavior ::run [ RunTime:0.001123s ]
INFO: [ app_begin ] --END-- [ RunTime:0.001310s ]
NOTIC: [8192] mysql_connect(): The mysql extension is deprecated and will be removed in the future: use mysqli or PDO instead F:\www\php\ThinkPHP\Lib\Driver\Db\DbMysql.class.php 第 55 行.
SQL: select uid as pa_id,pid,result,create_time from solution where cid=6 order by pa_id,pid,create_time; [ RunTime:0.001716s ]
SQL: select create_time,type,private from contest where cid=6 [ RunTime:0.000864s ]
SQL: select pid from contest_problem where cid=6 order by newid; [ RunTime:0.001420s ]
SQL: select distinct user.uid as pa_id,user.username as pa_name from solution,user where solution.uid=user.uid and cid=6 order by pa_id [ RunTime:0.002716s ]

[ 2014-12-18T22:55:13+08:00 ] 0.0.0.0 /php/index.php/Contest/Index/rankdata?cid=6
INFO: [ app_begin ] --START--
INFO: ReadHtmlCache Behavior ::run [ RunTime:0.001183s ]
INFO: [ app_begin ] --END-- [ RunTime:0.001496s ]
NOTIC: [8192] mysql_connect(): The mysql extension is deprecated and will be removed in the future: use mysqli or PDO instead F:\www\php\ThinkPHP\Lib\Driver\Db\DbMysql.class.php 第 55 行.
SQL: select uid as pa_id,pid,result,create_time from solution where cid=6 order by pa_id,pid,create_time; [ RunTime:0.001260s ]
SQL: select create_time,type,private from contest where cid=6 [ RunTime:0.000430s ]
SQL: select pid from contest_problem where cid=6 order by newid; [ RunTime:0.001982s ]
SQL: select distinct user.uid as pa_id,user.username as pa_name from solution,user where solution.uid=user.uid and cid=6 order by pa_id [ RunTime:0.003384s ]

[ 2014-12-18T22:55:16+08:00 ] 0.0.0.0 /php/index.php/Contest/Index/rankdata?cid=6
INFO: [ app_begin ] --START--
INFO: ReadHtmlCache Behavior ::run [ RunTime:0.001359s ]
INFO: [ app_begin ] --END-- [ RunTime:0.001632s ]
NOTIC: [8192] mysql_connect(): The mysql extension is deprecated and will be removed in the future: use mysqli or PDO instead F:\www\php\ThinkPHP\Lib\Driver\Db\DbMysql.class.php 第 55 行.
SQL: select uid as pa_id,pid,result,create_time from solution where cid=6 order by pa_id,pid,create_time; [ RunTime:0.001236s ]
SQL: select create_time,type,private from contest where cid=6 [ RunTime:0.000419s ]
SQL: select pid from contest_problem where cid=6 order by newid; [ RunTime:0.001094s ]
SQL: select distinct user.uid as pa_id,user.username as pa_name from solution,user where solution.uid=user.uid and cid=6 order by pa_id [ RunTime:0.002797s ]

[ 2014-12-18T22:55:20+08:00 ] 0.0.0.0 /php/index.php/Contest/Index/rankdata?cid=6
INFO: [ app_begin ] --START--
INFO: ReadHtmlCache Behavior ::run [ RunTime:0.002057s ]
INFO: [ app_begin ] --END-- [ RunTime:0.002466s ]
NOTIC: [8192] mysql_connect(): The mysql extension is deprecated and will be removed in the future: use mysqli or PDO instead F:\www\php\ThinkPHP\Lib\Driver\Db\DbMysql.class.php 第 55 行.
SQL: select uid as pa_id,pid,result,create_time from solution where cid=6 order by pa_id,pid,create_time; [ RunTime:0.001704s ]
SQL: select create_time,type,private from contest where cid=6 [ RunTime:0.000458s ]
SQL: select pid from contest_problem where cid=6 order by newid; [ RunTime:0.000263s ]
SQL: select distinct user.uid as pa_id,user.username as pa_name from solution,user where solution.uid=user.uid and cid=6 order by pa_id [ RunTime:0.000391s ]

[ 2014-12-18T22:55:24+08:00 ] 0.0.0.0 /php/index.php/Contest/Index/rankdata?cid=6
INFO: [ app_begin ] --START--
INFO: ReadHtmlCache Behavior ::run [ RunTime:0.001078s ]
INFO: [ app_begin ] --END-- [ RunTime:0.001323s ]
NOTIC: [8192] mysql_connect(): The mysql extension is deprecated and will be removed in the future: use mysqli or PDO instead F:\www\php\ThinkPHP\Lib\Driver\Db\DbMysql.class.php 第 55 行.
SQL: select uid as pa_id,pid,result,create_time from solution where cid=6 order by pa_id,pid,create_time; [ RunTime:0.001948s ]
SQL: select create_time,type,private from contest where cid=6 [ RunTime:0.000680s ]
SQL: select pid from contest_problem where cid=6 order by newid; [ RunTime:0.001359s ]
SQL: select distinct user.uid as pa_id,user.username as pa_name from solution,user where solution.uid=user.uid and cid=6 order by pa_id [ RunTime:0.001262s ]

[ 2014-12-18T22:55:29+08:00 ] 0.0.0.0 /php/index.php/Contest/Index/rankdata?cid=6
INFO: [ app_begin ] --START--
INFO: ReadHtmlCache Behavior ::run [ RunTime:0.000715s ]
INFO: [ app_begin ] --END-- [ RunTime:0.000831s ]
NOTIC: [8192] mysql_connect(): The mysql extension is deprecated and will be removed in the future: use mysqli or PDO instead F:\www\php\ThinkPHP\Lib\Driver\Db\DbMysql.class.php 第 55 行.
SQL: select uid as pa_id,pid,result,create_time from solution where cid=6 order by pa_id,pid,create_time; [ RunTime:0.001184s ]
SQL: select create_time,type,private from contest where cid=6 [ RunTime:0.000396s ]
SQL: select pid from contest_problem where cid=6 order by newid; [ RunTime:0.000413s ]
SQL: select distinct user.uid as pa_id,user.username as pa_name from solution,user where solution.uid=user.uid and cid=6 order by pa_id [ RunTime:0.000667s ]

[ 2014-12-18T22:55:33+08:00 ] 0.0.0.0 /php/index.php/Contest/Index/rankdata?cid=6
INFO: [ app_begin ] --START--
INFO: ReadHtmlCache Behavior ::run [ RunTime:0.001971s ]
INFO: [ app_begin ] --END-- [ RunTime:0.002655s ]
NOTIC: [8192] mysql_connect(): The mysql extension is deprecated and will be removed in the future: use mysqli or PDO instead F:\www\php\ThinkPHP\Lib\Driver\Db\DbMysql.class.php 第 55 行.
SQL: select uid as pa_id,pid,result,create_time from solution where cid=6 order by pa_id,pid,create_time; [ RunTime:0.000745s ]
SQL: select create_time,type,private from contest where cid=6 [ RunTime:0.000596s ]
SQL: select pid from contest_problem where cid=6 order by newid; [ RunTime:0.000565s ]
SQL: select distinct user.uid as pa_id,user.username as pa_name from solution,user where solution.uid=user.uid and cid=6 order by pa_id [ RunTime:0.002115s ]

[ 2014-12-18T22:55:36+08:00 ] 0.0.0.0 /php/index.php/Contest/Index/rankdata?cid=6
INFO: [ app_begin ] --START--
INFO: ReadHtmlCache Behavior ::run [ RunTime:0.001236s ]
INFO: [ app_begin ] --END-- [ RunTime:0.001375s ]
NOTIC: [8192] mysql_connect(): The mysql extension is deprecated and will be removed in the future: use mysqli or PDO instead F:\www\php\ThinkPHP\Lib\Driver\Db\DbMysql.class.php 第 55 行.
SQL: select uid as pa_id,pid,result,create_time from solution where cid=6 order by pa_id,pid,create_time; [ RunTime:0.002934s ]
SQL: select create_time,type,private from contest where cid=6 [ RunTime:0.001169s ]
SQL: select pid from contest_problem where cid=6 order by newid; [ RunTime:0.002615s ]
SQL: select distinct user.uid as pa_id,user.username as pa_name from solution,user where solution.uid=user.uid and cid=6 order by pa_id [ RunTime:0.000720s ]

[ 2014-12-18T22:55:39+08:00 ] 0.0.0.0 /php/index.php/Contest/Index/rankdata?cid=6
INFO: [ app_begin ] --START--
INFO: ReadHtmlCache Behavior ::run [ RunTime:0.000642s ]
INFO: [ app_begin ] --END-- [ RunTime:0.000747s ]
NOTIC: [8192] mysql_connect(): The mysql extension is deprecated and will be removed in the future: use mysqli or PDO instead F:\www\php\ThinkPHP\Lib\Driver\Db\DbMysql.class.php 第 55 行.
SQL: select uid as pa_id,pid,result,create_time from solution where cid=6 order by pa_id,pid,create_time; [ RunTime:0.000615s ]
SQL: select create_time,type,private from contest where cid=6 [ RunTime:0.000407s ]
SQL: select pid from contest_problem where cid=6 order by newid; [ RunTime:0.000500s ]
SQL: select distinct user.uid as pa_id,user.username as pa_name from solution,user where solution.uid=user.uid and cid=6 order by pa_id [ RunTime:0.000878s ]

[ 2014-12-18T22:55:42+08:00 ] 0.0.0.0 /php/index.php/Contest/Index/rankdata?cid=6
INFO: [ app_begin ] --START--
INFO: ReadHtmlCache Behavior ::run [ RunTime:0.000600s ]
INFO: [ app_begin ] --END-- [ RunTime:0.000702s ]
NOTIC: [8192] mysql_connect(): The mysql extension is deprecated and will be removed in the future: use mysqli or PDO instead F:\www\php\ThinkPHP\Lib\Driver\Db\DbMysql.class.php 第 55 行.
SQL: select uid as pa_id,pid,result,create_time from solution where cid=6 order by pa_id,pid,create_time; [ RunTime:0.000592s ]
SQL: select create_time,type,private from contest where cid=6 [ RunTime:0.000353s ]
SQL: select pid from contest_problem where cid=6 order by newid; [ RunTime:0.000478s ]
SQL: select distinct user.uid as pa_id,user.username as pa_name from solution,user where solution.uid=user.uid and cid=6 order by pa_id [ RunTime:0.000887s ]

[ 2014-12-18T22:55:45+08:00 ] 0.0.0.0 /php/index.php/Contest/Index/rankdata?cid=6
INFO: [ app_begin ] --START--
INFO: ReadHtmlCache Behavior ::run [ RunTime:0.000358s ]
INFO: [ app_begin ] --END-- [ RunTime:0.000417s ]
NOTIC: [8192] mysql_connect(): The mysql extension is deprecated and will be removed in the future: use mysqli or PDO instead F:\www\php\ThinkPHP\Lib\Driver\Db\DbMysql.class.php 第 55 行.
SQL: select uid as pa_id,pid,result,create_time from solution where cid=6 order by pa_id,pid,create_time; [ RunTime:0.000396s ]
SQL: select create_time,type,private from contest where cid=6 [ RunTime:0.000170s ]
SQL: select pid from contest_problem where cid=6 order by newid; [ RunTime:0.000198s ]
SQL: select distinct user.uid as pa_id,user.username as pa_name from solution,user where solution.uid=user.uid and cid=6 order by pa_id [ RunTime:0.000354s ]

[ 2014-12-18T22:55:48+08:00 ] 0.0.0.0 /php/index.php/Contest/Index/rankdata?cid=6
INFO: [ app_begin ] --START--
INFO: ReadHtmlCache Behavior ::run [ RunTime:0.000282s ]
INFO: [ app_begin ] --END-- [ RunTime:0.000324s ]
NOTIC: [8192] mysql_connect(): The mysql extension is deprecated and will be removed in the future: use mysqli or PDO instead F:\www\php\ThinkPHP\Lib\Driver\Db\DbMysql.class.php 第 55 行.
SQL: select uid as pa_id,pid,result,create_time from solution where cid=6 order by pa_id,pid,create_time; [ RunTime:0.000490s ]
SQL: select create_time,type,private from contest where cid=6 [ RunTime:0.000245s ]
SQL: select pid from contest_problem where cid=6 order by newid; [ RunTime:0.000399s ]
SQL: select distinct user.uid as pa_id,user.username as pa_name from solution,user where solution.uid=user.uid and cid=6 order by pa_id [ RunTime:0.000619s ]

[ 2014-12-18T22:55:52+08:00 ] 0.0.0.0 /php/index.php/Contest/Index/rankdata?cid=6
INFO: [ app_begin ] --START--
INFO: ReadHtmlCache Behavior ::run [ RunTime:0.000347s ]
INFO: [ app_begin ] --END-- [ RunTime:0.000398s ]
NOTIC: [8192] mysql_connect(): The mysql extension is deprecated and will be removed in the future: use mysqli or PDO instead F:\www\php\ThinkPHP\Lib\Driver\Db\DbMysql.class.php 第 55 行.
SQL: select uid as pa_id,pid,result,create_time from solution where cid=6 order by pa_id,pid,create_time; [ RunTime:0.000411s ]
SQL: select create_time,type,private from contest where cid=6 [ RunTime:0.000209s ]
SQL: select pid from contest_problem where cid=6 order by newid; [ RunTime:0.000239s ]
SQL: select distinct user.uid as pa_id,user.username as pa_name from solution,user where solution.uid=user.uid and cid=6 order by pa_id [ RunTime:0.000388s ]

[ 2014-12-18T22:55:56+08:00 ] 0.0.0.0 /php/index.php/Contest/Index/rankdata?cid=6
INFO: [ app_begin ] --START--
INFO: ReadHtmlCache Behavior ::run [ RunTime:0.000322s ]
INFO: [ app_begin ] --END-- [ RunTime:0.000383s ]
NOTIC: [8192] mysql_connect(): The mysql extension is deprecated and will be removed in the future: use mysqli or PDO instead F:\www\php\ThinkPHP\Lib\Driver\Db\DbMysql.class.php 第 55 行.
SQL: select uid as pa_id,pid,result,create_time from solution where cid=6 order by pa_id,pid,create_time; [ RunTime:0.000446s ]
SQL: select create_time,type,private from contest where cid=6 [ RunTime:0.000334s ]
SQL: select pid from contest_problem where cid=6 order by newid; [ RunTime:0.000396s ]
SQL: select distinct user.uid as pa_id,user.username as pa_name from solution,user where solution.uid=user.uid and cid=6 order by pa_id [ RunTime:0.000486s ]

[ 2014-12-18T22:56:02+08:00 ] 0.0.0.0 /php/index.php/Contest/Index/rankdata?cid=6
INFO: [ app_begin ] --START--
INFO: ReadHtmlCache Behavior ::run [ RunTime:0.000283s ]
INFO: [ app_begin ] --END-- [ RunTime:0.000324s ]
NOTIC: [8192] mysql_connect(): The mysql extension is deprecated and will be removed in the future: use mysqli or PDO instead F:\www\php\ThinkPHP\Lib\Driver\Db\DbMysql.class.php 第 55 行.
SQL: select uid as pa_id,pid,result,create_time from solution where cid=6 order by pa_id,pid,create_time; [ RunTime:0.000402s ]
SQL: select create_time,type,private from contest where cid=6 [ RunTime:0.000309s ]
SQL: select pid from contest_problem where cid=6 order by newid; [ RunTime:0.000338s ]
SQL: select distinct user.uid as pa_id,user.username as pa_name from solution,user where solution.uid=user.uid and cid=6 order by pa_id [ RunTime:0.000510s ]

[ 2014-12-18T22:56:08+08:00 ] 0.0.0.0 /php/index.php/Contest/Index/rankdata?cid=6
INFO: [ app_begin ] --START--
INFO: ReadHtmlCache Behavior ::run [ RunTime:0.000277s ]
INFO: [ app_begin ] --END-- [ RunTime:0.000320s ]
NOTIC: [8192] mysql_connect(): The mysql extension is deprecated and will be removed in the future: use mysqli or PDO instead F:\www\php\ThinkPHP\Lib\Driver\Db\DbMysql.class.php 第 55 行.
SQL: select uid as pa_id,pid,result,create_time from solution where cid=6 order by pa_id,pid,create_time; [ RunTime:0.000485s ]
SQL: select create_time,type,private from contest where cid=6 [ RunTime:0.000280s ]
SQL: select pid from contest_problem where cid=6 order by newid; [ RunTime:0.000396s ]
SQL: select distinct user.uid as pa_id,user.username as pa_name from solution,user where solution.uid=user.uid and cid=6 order by pa_id [ RunTime:0.000515s ]

[ 2014-12-18T22:56:14+08:00 ] 0.0.0.0 /php/index.php/Contest/Index/rankdata?cid=6
INFO: [ app_begin ] --START--
INFO: ReadHtmlCache Behavior ::run [ RunTime:0.000296s ]
INFO: [ app_begin ] --END-- [ RunTime:0.000339s ]
NOTIC: [8192] mysql_connect(): The mysql extension is deprecated and will be removed in the future: use mysqli or PDO instead F:\www\php\ThinkPHP\Lib\Driver\Db\DbMysql.class.php 第 55 行.
SQL: select uid as pa_id,pid,result,create_time from solution where cid=6 order by pa_id,pid,create_time; [ RunTime:0.000522s ]
SQL: select create_time,type,private from contest where cid=6 [ RunTime:0.000286s ]
SQL: select pid from contest_problem where cid=6 order by newid; [ RunTime:0.000298s ]
SQL: select distinct user.uid as pa_id,user.username as pa_name from solution,user where solution.uid=user.uid and cid=6 order by pa_id [ RunTime:0.000421s ]

[ 2014-12-18T22:56:18+08:00 ] 0.0.0.0 /php/index.php/Contest/Index/rankdata?cid=6
INFO: [ app_begin ] --START--
INFO: ReadHtmlCache Behavior ::run [ RunTime:0.000530s ]
INFO: [ app_begin ] --END-- [ RunTime:0.000611s ]
NOTIC: [8192] mysql_connect(): The mysql extension is deprecated and will be removed in the future: use mysqli or PDO instead F:\www\php\ThinkPHP\Lib\Driver\Db\DbMysql.class.php 第 55 行.
SQL: select uid as pa_id,pid,result,create_time from solution where cid=6 order by pa_id,pid,create_time; [ RunTime:0.000494s ]
SQL: select create_time,type,private from contest where cid=6 [ RunTime:0.000247s ]
SQL: select pid from contest_problem where cid=6 order by newid; [ RunTime:0.000254s ]
SQL: select distinct user.uid as pa_id,user.username as pa_name from solution,user where solution.uid=user.uid and cid=6 order by pa_id [ RunTime:0.000544s ]

[ 2014-12-18T22:56:23+08:00 ] 0.0.0.0 /php/index.php/Contest/Index/rankdata?cid=6
INFO: [ app_begin ] --START--
INFO: ReadHtmlCache Behavior ::run [ RunTime:0.000418s ]
INFO: [ app_begin ] --END-- [ RunTime:0.000476s ]
NOTIC: [8192] mysql_connect(): The mysql extension is deprecated and will be removed in the future: use mysqli or PDO instead F:\www\php\ThinkPHP\Lib\Driver\Db\DbMysql.class.php 第 55 行.
SQL: select uid as pa_id,pid,result,create_time from solution where cid=6 order by pa_id,pid,create_time; [ RunTime:0.000424s ]
SQL: select create_time,type,private from contest where cid=6 [ RunTime:0.000210s ]
SQL: select pid from contest_problem where cid=6 order by newid; [ RunTime:0.000216s ]
SQL: select distinct user.uid as pa_id,user.username as pa_name from solution,user where solution.uid=user.uid and cid=6 order by pa_id [ RunTime:0.000372s ]

[ 2014-12-18T22:56:26+08:00 ] 0.0.0.0 /php/index.php/Contest/Index/rankdata?cid=6
INFO: [ app_begin ] --START--
INFO: ReadHtmlCache Behavior ::run [ RunTime:0.000324s ]
INFO: [ app_begin ] --END-- [ RunTime:0.000372s ]
NOTIC: [8192] mysql_connect(): The mysql extension is deprecated and will be removed in the future: use mysqli or PDO instead F:\www\php\ThinkPHP\Lib\Driver\Db\DbMysql.class.php 第 55 行.
SQL: select uid as pa_id,pid,result,create_time from solution where cid=6 order by pa_id,pid,create_time; [ RunTime:0.000503s ]
SQL: select create_time,type,private from contest where cid=6 [ RunTime:0.000293s ]
SQL: select pid from contest_problem where cid=6 order by newid; [ RunTime:0.000275s ]
SQL: select distinct user.uid as pa_id,user.username as pa_name from solution,user where solution.uid=user.uid and cid=6 order by pa_id [ RunTime:0.000439s ]

[ 2014-12-18T22:56:30+08:00 ] 0.0.0.0 /php/index.php/Contest/Index/rankdata?cid=6
INFO: [ app_begin ] --START--
INFO: ReadHtmlCache Behavior ::run [ RunTime:0.000474s ]
INFO: [ app_begin ] --END-- [ RunTime:0.000550s ]
NOTIC: [8192] mysql_connect(): The mysql extension is deprecated and will be removed in the future: use mysqli or PDO instead F:\www\php\ThinkPHP\Lib\Driver\Db\DbMysql.class.php 第 55 行.
SQL: select uid as pa_id,pid,result,create_time from solution where cid=6 order by pa_id,pid,create_time; [ RunTime:0.000516s ]
SQL: select create_time,type,private from contest where cid=6 [ RunTime:0.000223s ]
SQL: select pid from contest_problem where cid=6 order by newid; [ RunTime:0.000375s ]
SQL: select distinct user.uid as pa_id,user.username as pa_name from solution,user where solution.uid=user.uid and cid=6 order by pa_id [ RunTime:0.000477s ]

[ 2014-12-18T22:56:33+08:00 ] 0.0.0.0 /php/index.php/Contest/Index/rankdata?cid=6
INFO: [ app_begin ] --START--
INFO: ReadHtmlCache Behavior ::run [ RunTime:0.000477s ]
INFO: [ app_begin ] --END-- [ RunTime:0.000561s ]
NOTIC: [8192] mysql_connect(): The mysql extension is deprecated and will be removed in the future: use mysqli or PDO instead F:\www\php\ThinkPHP\Lib\Driver\Db\DbMysql.class.php 第 55 行.
SQL: select uid as pa_id,pid,result,create_time from solution where cid=6 order by pa_id,pid,create_time; [ RunTime:0.001408s ]
SQL: select create_time,type,private from contest where cid=6 [ RunTime:0.001130s ]
SQL: select pid from contest_problem where cid=6 order by newid; [ RunTime:0.000679s ]
SQL: select distinct user.uid as pa_id,user.username as pa_name from solution,user where solution.uid=user.uid and cid=6 order by pa_id [ RunTime:0.000769s ]

[ 2014-12-18T22:56:36+08:00 ] 0.0.0.0 /php/index.php/Contest/Index/rankdata?cid=6
INFO: [ app_begin ] --START--
INFO: ReadHtmlCache Behavior ::run [ RunTime:0.000573s ]
INFO: [ app_begin ] --END-- [ RunTime:0.000665s ]
NOTIC: [8192] mysql_connect(): The mysql extension is deprecated and will be removed in the future: use mysqli or PDO instead F:\www\php\ThinkPHP\Lib\Driver\Db\DbMysql.class.php 第 55 行.
SQL: select uid as pa_id,pid,result,create_time from solution where cid=6 order by pa_id,pid,create_time; [ RunTime:0.000458s ]
SQL: select create_time,type,private from contest where cid=6 [ RunTime:0.000427s ]
SQL: select pid from contest_problem where cid=6 order by newid; [ RunTime:0.000821s ]
SQL: select distinct user.uid as pa_id,user.username as pa_name from solution,user where solution.uid=user.uid and cid=6 order by pa_id [ RunTime:0.001221s ]

